=~=~=~=~=~=~=~=~=~=~=~= PuTTY log 2014.04.11 14:11:07 =~=~=~=~=~=~=~=~=~=~=~=
-14 12:56:48
SYS: *I
Flow  0 m3/h
Vel:  0 m/s

11-04-14 12:56:53
SYS: *I
Flow  0 m3/h
Vel:  0 m/s

11-04-14 12:56:58
SYS: *I
Flow  0 m3/h
Vel:  0 m/s

11-04-14 12:57:03
SYS: *I
Flow  0 m3/h
Vel:  0 m/s

11-04-14 12:57:08
SYS: *I
Flow  0 m3/h
Vel:  0 m/s

11-04-14 12:57:13
SYS: *I
Flow  0 m3/h
Vel:  0 m/s

11-04-14 12:57:18
SYS: *I
Flow  0 m3/h
Vel:  0 m/s

11-04-14 12:57:23
SYS: *I
Flow  0 m3/h
Vel:  0 m/s

11-04-14 12:57:28
SYS: *I
Flow  0 m3/h
Vel:  0 m/s

11-04-14 12:57:33
SYS: *I
Flow  0 m3/h
Vel:  0 m/s

11-04-14 12:57:38
SYS: *I
Flow  0 m3/h
Vel:  0 m/s

11-04-14 12:57:43
SYS: *I
Flow  0 m3/h
Vel:  0 m/s

11-04-14 12:57:48
SYS: *I
Flow  0 m3/h
Vel:  0 m/s

11-04-14 12:57:53
SYS: *I
Flow  0 m3/h
Vel:  0 m/s

11-04-14 12:57:58
SYS: *I
Flow  0 m3/h
Vel:  0 m/s

11-04-14 12:58:03
SYS: *I
Flow  0 m3/h
Vel:  0 m/s

11-04-14 12:58:08
SYS: *I
Flow  0 m3/h
Vel:  0 m/s

11-04-14 12:58:13
SYS: *I
Flow  0 m3/h
Vel:  0 m/s

11-04-14 12:58:18
SYS: *I
Flow  0 m3/h
Vel:  0 m/s

11-04-14 12:58:23
SYS: *I
Flow  0 m3/h
Vel:  0 m/s

11-04-14 12:58:28
SYS: *I
Flow  0 m3/h
Vel:  0 m/s

11-04-14 12:58:33
SYS: *I
Flow  0 m3/h
Vel:  0 m/s

11-04-14 12:58:38
SYS: *I
Flow  0 m3/h
Vel:  0 m/s

11-04-14 12:58:43
SYS: *I
Flow  0 m3/h
Vel:  0 m/s

11-04-14 12:58:48
SYS: *I
Flow  0 m3/h
Vel:  0 m/s

11-04-14 12:58:53
SYS: *I
Flow  0 m3/h
Vel:  0 m/s

11-04-14 12:58:58
SYS: *I
Flow  0 m3/h
Vel:  0 m/s

11-04-14 12:59:03
SYS: *I
Flow  0 m3/h
Vel:  0 m/s

11-04-14 12:59:08
SYS: *I
Flow  0 m3/h
Vel:  0 m/s

11-04-14 12:59:13
SYS: *I
Flow  0 m3/h
Vel:  0 m/s

11-04-14 12:59:18
SYS: *I
Flow  0 m3/h
Vel:  0 m/s

11-04-14 12:59:23
SYS: *I
Flow  0 m3/h
Vel:  0 m/s

11-04-14 12:59:28
SYS: *I
Flow  0 m3/h
Vel:  0 m/s

11-04-14 12:59:33
SYS: *I
Flow  0 m3/h
Vel:  0 m/s

11-04-14 12:59:38
SYS: *I
Flow  0 m3/h
Vel:  0 m/s

11-04-14 12:59:43
SYS: *I
Flow  0 m3/h
Vel:  0 m/s

11-04-14 12:59:48
SYS: *I
Flow  0 m3/h
Vel:  0 m/s

11-04-14 12:59:53
SYS: *I
Flow  0 m3/h
Vel:  0 m/s

11-04-14 12:59:58
SYS: *I
Flow  0 m3/h
Vel:  0 m/s

11-04-14 13:00:03
SYS: *I
Flow  0 m3/h
Vel:  0 m/s

11-04-14 13:00:08
SYS: *I
Flow  0 m3/h
Vel:  0 m/s

11-04-14 13:00:13
SYS: *I
Flow  0 m3/h
Vel:  0 m/s

11-04-14 13:00:18
SYS: *I
Flow  0 m3/h
Vel:  0 m/s

11-04-14 13:00:23
SYS: *I
Flow  0 m3/h
Vel:  0 m/s

11-04-14 13:00:28
SYS: *I
Flow  0 m3/h
Vel:  0 m/s

11-04-14 13:00:33
SYS: *I
Flow  0 m3/h
Vel:  0 m/s

11-04-14 13:00:38
SYS: *I
Flow  0 m3/h
Vel:  0 m/s

11-04-14 13:00:43
SYS: *I
Flow  0 m3/h
Vel:  0 m/s

11-04-14 13:00:48
SYS: *I
Flow  0 m3/h
Vel:  0 m/s

11-04-14 13:00:53
SYS: *I
Flow  0 m3/h
Vel:  0 m/s

11-04-14 13:00:58
SYS: *I
Flow  0 m3/h
Vel:  0 m/s

11-04-14 13:01:03
SYS: *I
Flow  0 m3/h
Vel:  0 m/s

11-04-14 13:01:08
SYS: *I
Flow  0 m3/h
Vel:  0 m/s

11-04-14 13:01:13
SYS: *I
Flow  0 m3/h
Vel:  0 m/s

11-04-14 13:01:18
SYS: *I
Flow  0 m3/h
Vel:  0 m/s

11-04-14 13:01:23
SYS: *I
Flow  0 m3/h
Vel:  0 m/s

11-04-14 13:01:28
SYS: *I
Flow  0 m3/h
Vel:  0 m/s

11-04-14 13:01:33
SYS: *I
Flow  0 m3/h
Vel:  0 m/s

11-04-14 13:01:38
SYS: *I
Flow  0 m3/h
Vel:  0 m/s

11-04-14 13:01:43
SYS: *I
Flow  0 m3/h
Vel:  0 m/s

11-04-14 13:01:48
SYS: *I
Flow  0 m3/h
Vel:  0 m/s

11-04-14 13:01:53
SYS: *I
Flow  0 m3/h
Vel:  0 m/s

11-04-14 13:01:58
SYS: *I
Flow  0 m3/h
Vel:  0 m/s

11-14 12:56:48
SYS: *I
Flow  0 m3/h
Vel:  0 m/s

11-04-14 12:56:53
SYS: *I
Flow  0 m3/h
Vel:  0 m/s

11-04-14 12:56:58
SYS: *I
Flow  0 m3/h
Vel:  0 m/s

11-04-14 12:57:03
SYS: *I
Flow  0 m3/h
Vel:  0 m/s

11-04-14 12:57:08
SYS: *I
Flow  0 m3/h
Vel:  0 m/s

11-04-14 12:57:13
SYS: *I
Flow  0 m3/h
Vel:  0 m/s

11-04-14 12:57:18
SYS: *I
Flow  0 m3/h
Vel:  0 m/s

11-04-14 12:57:23
SYS: *I
Flow  0 m3/h
Vel:  0 m/s

11-04-14 12:57:28
SYS: *I
Flow  0 m3/h
Vel:  0 m/s

11-04-14 12:57:33
SYS: *I
Flow  0 m3/h
Vel:  0 m/s

11-04-14 12:57:38
SYS: *I
Flow  0 m3/h
Vel:  0 m/s

11-04-14 12:57:43
SYS: *I
Flow  0 m3/h
Vel:  0 m/s

11-04-14 12:57:48
SYS: *I
Flow  0 m3/h
Vel:  0 m/s

11-04-14 12:57:53
SYS: *I
Flow  0 m3/h
Vel:  0 m/s

11-04-14 12:57:58
SYS: *I
Flow  0 m3/h
Vel:  0 m/s

11-04-14 12:58:03
SYS: *I
Flow  0 m3/h
Vel:  0 m/s

11-04-14 12:58:08
SYS: *I
Flow  0 m3/h
Vel:  0 m/s

11-04-14 12:58:13
SYS: *I
Flow  0 m3/h
Vel:  0 m/s

11-04-14 12:58:18
SYS: *I
Flow  0 m3/h
Vel:  0 m/s

11-04-14 12:58:23
SYS: *I
Flow  0 m3/h
Vel:  0 m/s

11-04-14 12:58:28
SYS: *I
Flow  0 m3/h
Vel:  0 m/s

11-04-14 12:58:33
SYS: *I
Flow  0 m3/h
Vel:  0 m/s

11-04-14 12:58:38
SYS: *I
Flow  0 m3/h
Vel:  0 m/s

11-04-14 12:58:43
SYS: *I
Flow  0 m3/h
Vel:  0 m/s

11-04-14 12:58:48
SYS: *I
Flow  0 m3/h
Vel:  0 m/s

11-04-14 12:58:53
SYS: *I
Flow  0 m3/h
Vel:  0 m/s

11-04-14 12:58:58
SYS: *I
Flow  0 m3/h
Vel:  0 m/s

11-04-14 12:59:03
SYS: *I
Flow  0 m3/h
Vel:  0 m/s

11-04-14 12:59:08
SYS: *I
Flow  0 m3/h
Vel:  0 m/s

11-04-14 12:59:13
SYS: *I
Flow  0 m3/h
Vel:  0 m/s

11-04-14 12:59:18
SYS: *I
Flow  0 m3/h
Vel:  0 m/s

11-04-14 12:59:23
SYS: *I
Flow  0 m3/h
Vel:  0 m/s

11-04-14 12:59:28
SYS: *I
Flow  0 m3/h
Vel:  0 m/s

11-04-14 12:59:33
SYS: *I
Flow  0 m3/h
Vel:  0 m/s

11-04-14 12:59:38
SYS: *I
Flow  0 m3/h
Vel:  0 m/s

11-04-14 12:59:43
SYS: *I
Flow  0 m3/h
Vel:  0 m/s

11-04-14 12:59:48
SYS: *I
Flow  0 m3/h
Vel:  0 m/s

11-04-14 12:59:53
SYS: *I
Flow  0 m3/h
Vel:  0 m/s

11-04-14 12:59:58
SYS: *I
Flow  0 m3/h
Vel:  0 m/s

11-04-14 13:00:03
SYS: *I
Flow  0 m3/h
Vel:  0 m/s

11-04-14 13:00:08
SYS: *I
Flow  0 m3/h
Vel:  0 m/s

11-04-14 13:00:13
SYS: *I
Flow  0 m3/h
Vel:  0 m/s

11-04-14 13:00:18
SYS: *I
Flow  0 m3/h
Vel:  0 m/s

11-04-14 13:00:23
SYS: *I
Flow  0 m3/h
Vel:  0 m/s

11-04-14 13:00:28
SYS: *I
Flow  0 m3/h
Vel:  0 m/s

11-04-14 13:00:33
SYS: *I
Flow  0 m3/h
Vel:  0 m/s

11-04-14 13:00:38
SYS: *I
Flow  0 m3/h
Vel:  0 m/s

11-04-14 13:00:43
SYS: *I
Flow  0 m3/h
Vel:  0 m/s

11-04-14 13:00:48
SYS: *I
Flow  0 m3/h
Vel:  0 m/s

11-04-14 13:00:53
SYS: *I
Flow  0 m3/h
Vel:  0 m/s

11-04-14 13:00:58
SYS: *I
Flow  0 m3/h
Vel:  0 m/s

11-04-14 13:01:03
SYS: *I
Flow  0 m3/h
Vel:  0 m/s

11-04-14 13:01:08
SYS: *I
Flow  0 m3/h
Vel:  0 m/s

11-04-14 13:01:13
SYS: *I
Flow  0 m3/h
Vel:  0 m/s

11-04-14 13:01:18
SYS: *I
Flow  0 m3/h
Vel:  0 m/s

11-04-14 13:01:23
SYS: *I
Flow  0 m3/h
Vel:  0 m/s

11-04-14 13:01:28
SYS: *I
Flow  0 m3/h
Vel:  0 m/s

11-04-14 13:01:33
SYS: *I
Flow  0 m3/h
Vel:  0 m/s

11-04-14 13:01:38
SYS: *I
Flow  0 m3/h
Vel:  0 m/s

11-04-14 13:01:43
SYS: *I
Flow  0 m3/h
Vel:  0 m/s

11-04-14 13:01:48
SYS: *I
Flow  0 m3/h
Vel:  0 m/s

11-04-14 13:01:53
SYS: *I
Flow  0 m3/h
Vel:  0 m/s

11-04-14 13:01:58
SYS: *I
Flow  0 m3/h
Vel:  0 m/s

11-04-14 13:02:03
SYS: *I
Flow  0 m3/h
Vel:  0 m/s

11-04-14 13:02:08
SYS: *I
Flow  0 m3/h
Vel:  0 m/s

11-04-14 13:02:13
SYS: *I
Flow  0 m3/h
Vel:  0 m/s

11-04-14 13:02:18
SYS: *I
Flow  0 m3/h
Vel:  0 m/s

11-04-14 13:02:23
SYS: *I
Flow  0 m3/h
Vel:  0 m/s

11-04-14 13:02:28
SYS: *I
Flow  0 m3/h
Vel:  0 m/s

11-04-14 13:02:33
SYS: *I
Flow  0 m3/h
Vel:  0 m/s

11-04-14 13:02:38
SYS: *I
Flow  0 m3/h
Vel:  0 m/s

11-04-14 13:02:43
SYS: *I
Flow  0 m3/h
Vel:  0 m/s

11-04-14 13:02:48
SYS: *I
Flow  0 m3/h
Vel:  0 m/s

11-04-14 13:02:53
SYS: *I
Flow  0 m3/h
Vel:  0 m/s

11-04-14 13:02:58
SYS: *I
Flow  0 m3/h
Vel:  0 m/s

11-04-14 13:03:03
SYS: *I
Flow  0 m3/h
Vel:  0 m/s

11-04-14 13:03:08
SYS: *I
Flow  0 m3/h
Vel:  0 m/s

11-04-14 13:03:13
SYS: *I
Flow  0 m3/h
Vel:  0 m/s

11-04-14 13:03:18
SYS: *I
Flow  0 m3/h
Vel:  0 m/s

11-04-14 13:03:23
SYS: *I
Flow  0 m3/h
Vel:  0 m/s

11-04-14 13:03:28
SYS: *I
Flow  0 m3/h
Vel:  0 m/s

11-04-14 13:03:33
SYS: *I
Flow  0 m3/h
Vel:  0 m/s

11-04-14 13:03:38
SYS: *I
Flow  0 m3/h
Vel:  0 m/s

11-04-14 13:03:43
SYS: *I
Flow  0 m3/h
Vel:  0 m/s

11-04-14 13:03:48
SYS: *I
Flow  0 m3/h
Vel:  0 m/s

11-04-14 13:03:53
SYS: *I
Flow  0 m3/h
Vel:  0 m/s

11-04-14 13:03:58
SYS: *I
Flow  0 m3/h
Vel:  0 m/s

11-04-14 13:04:03
SYS: *I
Flow  0 m3/h
Vel:  0 m/s

11-04-14 13:04:08
SYS: *I
Flow  0 m3/h
Vel:  0 m/s

11-04-14 13:04:13
SYS: *I
Flow  0 m3/h
Vel:  0 m/s

11-04-14 13:08:14
SYS: *I
Flow  0 m3/h
Vel:  0 m/s

11-04-14 13:08:19
SYS: *I
Flow  0 m3/h
Vel:  0 m/s

11-04-14 13:08:24
SYS: *I
Flow  0 m3/h
Vel:  0 m/s

11-04-14 13:08:29
SYS: *I
Flow  0 m3/h
Vel:  0 m/s

11-04-14 13:08:34
SYS: *I
Flow  0 m3/h
Vel:  0 m/s

11-04-14 13:08:39
SYS: *I
Flow  0 m3/h
Vel:  0 m/s

11-04-14 13:08:44
SYS: *I
Flow  0 m3/h
Vel:  0 m/s

11-04-14 13:08:49
SYS: *I
Flow  0 m3/h
Vel:  0 m/s

11-04-14 13:08:54
SYS: *I
Flow  0 m3/h
Vel:  0 m/s

11-04-14 13:08:59
SYS: *I
Flow  0 m3/h
Vel:  0 m/s

11-04-14 13:09:04
SYS: *I
Flow  0 m3/h
Vel:  0 m/s

11-04-14 13:09:09
SYS: *I
Flow  0 m3/h
Vel:  0 m/s

11-04-14 13:09:14
SYS: *I
Flow  0 m3/h
Vel:  0 m/s

11-04-14 13:09:19
SYS: *I
Flow  0 m3/h
Vel:  0 m/s

11-04-14 13:09:24
SYS: *I
Flow  0 m3/h
Vel:  0 m/s

11-04-14 13:09:29
SYS: *I
Flow  0 m3/h
Vel:  0 m/s

11-04-14 13:09:34
SYS: *I
Flow  0 m3/h
Vel:  0 m/s

11-04-14 13:09:39
SYS: *I
Flow  0 m3/h
Vel:  0 m/s

11-04-14 13:09:44
SYS: *I
Flow  0 m3/h
Vel:  0 m/s

11-04-14 13:09:49
SYS: *I
Flow  0 m3/h
Vel:  0 m/s

11-04-14 13:09:54
SYS: *I
Flow  0 m3/h
Vel:  0 m/s

11-04-14 13:09:59
SYS: *I
Flow  0 m3/h
Vel:  0 m/s

11-04-14 13:10:04
SYS: *I
Flow  0 m3/h
Vel:  0 m/s

11-04-14 13:10:09
SYS: *I
Flow  0 m3/h
Vel:  0 m/s

11-04-14 13:10:14
SYS: *I
Flow  0 m3/h
Vel:  0 m/s

11-04-14 13:10:19
SYS: *I
Flow  0 m3/h
Vel:  0 m/s

11-04-14 13:10:24
SYS: *I
Flow  0 m3/h
Vel:  0 m/s

11-04-14 13:10:29
SYS: *I
Flow  0 m3/h
Vel:  0 m/s

11-04-14 13:10:34
SYS: *I
Flow  0 m3/h
Vel:  0 m/s

11-04-14 13:10:39
SYS: *I
Flow  0 m3/h
Vel:  0 m/s

11-04-14 13:10:44
SYS: *I
Flow  0 m3/h
Vel:  0 m/s

11-04-14 13:10:49
SYS: *I
Flow  0 m3/h
Vel:  0 m/s

11-04-14 13:10:54
SYS: *I
Flow  0 m3/h
Vel:  0 m/s

11-04-14 13:10:59
SYS: *I
Flow  0 m3/h
Vel:  0 m/s

11-04-14 13:11:04
SYS: *I
Flow  0 m3/h
Vel:  0 m/s

11-04-14 13:11:09
SYS: *I
Flow  0 m3/h
Vel:  0 m/s

11-04-14 13:11:14
SYS: *I
Flow  0 m3/h
Vel:  0 m/s

11-04-14 13:11:19
SYS: *I
Flow  0 m3/h
Vel:  0 m/s

11-04-14 13:11:24
SYS: *I
Flow  0 m3/h
Vel:  0 m/s

11-04-14 13:11:29
SYS: *I
Flow  0 m3/h
Vel:  0 m/s

11-04-14 13:11:34
SYS: *I
Flow  0 m3/h
Vel:  0 m/s

11-04-14 13:11:39
SYS: *I
Flow  0 m3/h
Vel:  0 m/s

11-04-14 13:11:44
SYS: *I
Flow  0 m3/h
Vel:  0 m/s

11-04-14 13:11:49
SYS: *I
Flow  0 m3/h
Vel:  0 m/s

11-04-14 13:11:54
SYS: *I
Flow  0 m3/h
Vel:  0 m/s

11-04-14 13:11:59
SYS: *I
Flow  0 m3/h
Vel:  0 m/s

11-04-14 13:12:04
SYS: *I
Flow  0 m3/h
Vel:  0 m/s

11-04-14 13:12:09
SYS: *I
Flow  0 m3/h
Vel:  0 m/s

11-04-14 13:12:14
SYS: *I
Flow  0 m3/h
Vel:  0 m/s

11-04-14 13:12:19
SYS: *I
Flow  0 m3/h
Vel:  0 m/s

11-04-14 13:12:24
SYS: *I
Flow  0 m3/h
Vel:  0 m/s

11-04-14 13:12:29
SYS: *I
Flow  0 m3/h
Vel:  0 m/s

11-04-14 13:12:34
SYS: *I
Flow  0 m3/h
Vel:  0 m/s

11-04-14 13:12:39
SYS: *I
Flow  0 m3/h
Vel:  0 m/s

11-04-14 13:12:44
SYS: *I
Flow  0 m3/h
Vel:  0 m/s

11-04-14 13:12:49
SYS: *I
Flow  0 m3/h
Vel:  0 m/s

11-04-14 13:12:54
SYS: *I
Flow  0 m3/h
Vel:  0 m/s

11-04-14 13:12:59
SYS: *I
Flow  0 m3/h
Vel:  0 m/s

11-04-14 13:13:04
SYS: *I
Flow  0 m3/h
Vel:  0 m/s

11-04-14 13:13:09
SYS: *I
Flow  0 m3/h
Vel:  0 m/s

11-04-14 13:13:14
SYS: *I
Flow  0 m3/h
Vel:  0 m/s

11-04-14 13:13:19
SYS: *I
Flow  0 m3/h
Vel:  0 m/s

11-04-14 13:13:24
SYS: *I
Flow  0 m3/h
Vel:  0 m/s

11-04-14 13:el:  0 m/s
UP:000 DN:000 Q=00

11-04-14 13:15:30
SYS: *I
Flow  0 m3/h
Vel:  0 m/s
UP:000 DN:000 Q=00

11-04-14 13:15:35
SYS: *I
Flow  0 m3/h
Vel:  0 m/s
UP:000 DN:000 Q=00

11-04-14 13:15:40
SYS: *I
Flow  0 m3/h
Vel:  0 m/s
UP:000 DN:000 Q=00

11-04-14 13:15:45
SYS: *I
Flow  0 m3/h
Vel:  0 m/s
UP:000 DN:000 Q=00

11-04-14 13:15:50
SYS: *I
Flow  0 m3/h
Vel:  0 m/s
UP:000 DN:000 Q=00

11-04-14 13:15:55
SYS: *I
Flow  0 m3/h
Vel:  0 m/s
UP:000 DN:000 Q=00

11-04-14 13:16:00
SYS: *I
Flow  0 m3/h
Vel:  0 m/s
UP:000 DN:000 Q=00

11-04-14 13:16:05
SYS: *I
Flow  0 m3/h
Vel:  0 m/s
UP:000 DN:000 Q=00

11-04-14 13:16:10
SYS: *I
Flow  0 m3/h
Vel:  0 m/s
UP:000 DN:000 Q=00

11-04-14 13:16:15
SYS: *I
Flow  0 m3/h
Vel:  0 m/s
UP:000 DN:000 Q=00

11-04-14 13:16:20
SYS: *I
Flow  0 m3/h
Vel:  0 m/s
UP:000 DN:000 Q=00

11-04-14 13:16:25
SYS: *I
Flow  0 m3/h
Vel:  0 m/s
UP:000 DN:000 Q=00

11-04-14 13:16:30
SYS: *I
Flow  0 m3/h
Vel:  0 m/s
UP:000 DN:000 Q=00

11-04-14 13:16:35
SYS: *I
Flow  0 m3/h
Vel:  0 m/s
UP:000 DN:000 Q=00

11-04-14 13:16:40
SYS: *I
Flow  0 m3/h
Vel:  0 m/s
UP:000 DN:000 Q=00

