=~=~=~=~=~=~=~=~=~=~=~= PuTTY log 2014.04.11 14:11:07 =~=~=~=~=~=~=~=~=~=~=~=
-14 12:56:48
SYS: *I
Flow  0 m3/h
Vel:  0 m/s

11-04-14 12:56:53
SYS: *I
Flow  0 m3/h
Vel:  0 m/s

11-04-14 12:56:58
SYS: *I
Flow  0 m3/h
Vel:  0 m/s

11-04-14 12:57:03
SYS: *I
Flow  0 m3/h
Vel:  0 m/s

11-04-14 12:57:08
SYS: *I
Flow  0 m3/h
Vel:  0 m/s

11-04-14 12:57:13
SYS: *I
Flow  0 m3/h
Vel:  0 m/s

11-04-14 12:57:18
SYS: *I
Flow  0 m3/h
Vel:  0 m/s

11-04-14 12:57:23
SYS: *I
Flow  0 m3/h
Vel:  0 m/s

11-04-14 12:57:28
SYS: *I
Flow  0 m3/h
Vel:  0 m/s

11-04-14 12:57:33
SYS: *I
Flow  0 m3/h
Vel:  0 m/s

11-04-14 12:57:38
SYS: *I
Flow  0 m3/h
Vel:  0 m/s

11-04-14 12:57:43
SYS: *I
Flow  0 m3/h
Vel:  0 m/s

11-04-14 12:57:48
SYS: *I
Flow  0 m3/h
Vel:  0 m/s

11-04-14 12:57:53
SYS: *I
Flow  0 m3/h
Vel:  0 m/s

11-04-14 12:57:58
SYS: *I
Flow  0 m3/h
Vel:  0 m/s

11-04-14 12:58:03
SYS: *I
Flow  0 m3/h
Vel:  0 m/s

11-04-14 12:58:08
SYS: *I
Flow  0 m3/h
Vel:  0 m/s

11-04-14 12:58:13
SYS: *I
Flow  0 m3/h
Vel:  0 m/s

11-04-14 12:58:18
SYS: *I
Flow  0 m3/h
Vel:  0 m/s

11-04-14 12:58:23
SYS: *I
Flow  0 m3/h
Vel:  0 m/s

11-04-14 12:58:28
SYS: *I
Flow  0 m3/h
Vel:  0 m/s

11-04-14 12:58:33
SYS: *I
Flow  0 m3/h
Vel:  0 m/s

11-04-14 12:58:38
SYS: *I
Flow  0 m3/h
Vel:  0 m/s

11-04-14 12:58:43
SYS: *I
Flow  0 m3/h
Vel:  0 m/s

11-04-14 12:58:48
SYS: *I
Flow  0 m3/h
Vel:  0 m/s

11-04-14 12:58:53
SYS: *I
Flow  0 m3/h
Vel:  0 m/s

11-04-14 12:58:58
SYS: *I
Flow  0 m3/h
Vel:  0 m/s

11-04-14 12:59:03
SYS: *I
Flow  0 m3/h
Vel:  0 m/s

11-04-14 12:59:08
SYS: *I
Flow  0 m3/h
Vel:  0 m/s

11-04-14 12:59:13
SYS: *I
Flow  0 m3/h
Vel:  0 m/s

11-04-14 12:59:18
SYS: *I
Flow  0 m3/h
Vel:  0 m/s

11-04-14 12:59:23
SYS: *I
Flow  0 m3/h
Vel:  0 m/s

11-04-14 12:59:28
SYS: *I
Flow  0 m3/h
Vel:  0 m/s

11-04-14 12:59:33
SYS: *I
Flow  0 m3/h
Vel:  0 m/s

11-04-14 12:59:38
SYS: *I
Flow  0 m3/h
Vel:  0 m/s

11-04-14 12:59:43
SYS: *I
Flow  0 m3/h
Vel:  0 m/s

11-04-14 12:59:48
SYS: *I
Flow  0 m3/h
Vel:  0 m/s

11-04-14 12:59:53
SYS: *I
Flow  0 m3/h
Vel:  0 m/s

11-04-14 12:59:58
SYS: *I
Flow  0 m3/h
Vel:  0 m/s

11-04-14 13:00:03
SYS: *I
Flow  0 m3/h
Vel:  0 m/s

11-04-14 13:00:08
SYS: *I
Flow  0 m3/h
Vel:  0 m/s

11-04-14 13:00:13
SYS: *I
Flow  0 m3/h
Vel:  0 m/s

11-04-14 13:00:18
SYS: *I
Flow  0 m3/h
Vel:  0 m/s

11-04-14 13:00:23
SYS: *I
Flow  0 m3/h
Vel:  0 m/s

11-04-14 13:00:28
SYS: *I
Flow  0 m3/h
Vel:  0 m/s

11-04-14 13:00:33
SYS: *I
Flow  0 m3/h
Vel:  0 m/s

11-04-14 13:00:38
SYS: *I
Flow  0 m3/h
Vel:  0 m/s

11-04-14 13:00:43
SYS: *I
Flow  0 m3/h
Vel:  0 m/s

11-04-14 13:00:48
SYS: *I
Flow  0 m3/h
Vel:  0 m/s

11-04-14 13:00:53
SYS: *I
Flow  0 m3/h
Vel:  0 m/s

11-04-14 13:00:58
SYS: *I
Flow  0 m3/h
Vel:  0 m/s

11-04-14 13:01:03
SYS: *I
Flow  0 m3/h
Vel:  0 m/s

11-04-14 13:01:08
SYS: *I
Flow  0 m3/h
Vel:  0 m/s

11-04-14 13:01:13
SYS: *I
Flow  0 m3/h
Vel:  0 m/s

11-04-14 13:01:18
SYS: *I
Flow  0 m3/h
Vel:  0 m/s

11-04-14 13:01:23
SYS: *I
Flow  0 m3/h
Vel:  0 m/s

11-04-14 13:01:28
SYS: *I
Flow  0 m3/h
Vel:  0 m/s

11-04-14 13:01:33
SYS: *I
Flow  0 m3/h
Vel:  0 m/s

11-04-14 13:01:38
SYS: *I
Flow  0 m3/h
Vel:  0 m/s

11-04-14 13:01:43
SYS: *I
Flow  0 m3/h
Vel:  0 m/s

11-04-14 13:01:48
SYS: *I
Flow  0 m3/h
Vel:  0 m/s

11-04-14 13:01:53
SYS: *I
Flow  0 m3/h
Vel:  0 m/s

11-04-14 13:01:58
SYS: *I
Flow  0 m3/h
Vel:  0 m/s

11-14 12:56:48
SYS: *I
Flow  0 m3/h
Vel:  0 m/s

11-04-14 12:56:53
SYS: *I
Flow  0 m3/h
Vel:  0 m/s

11-04-14 12:56:58
SYS: *I
Flow  0 m3/h
Vel:  0 m/s

11-04-14 12:57:03
SYS: *I
Flow  0 m3/h
Vel:  0 m/s

11-04-14 12:57:08
SYS: *I
Flow  0 m3/h
Vel:  0 m/s

11-04-14 12:57:13
SYS: *I
Flow  0 m3/h
Vel:  0 m/s

11-04-14 12:57:18
SYS: *I
Flow  0 m3/h
Vel:  0 m/s

11-04-14 12:57:23
SYS: *I
Flow  0 m3/h
Vel:  0 m/s

11-04-14 12:57:28
SYS: *I
Flow  0 m3/h
Vel:  0 m/s

11-04-14 12:57:33
SYS: *I
Flow  0 m3/h
Vel:  0 m/s

11-04-14 12:57:38
SYS: *I
Flow  0 m3/h
Vel:  0 m/s

11-04-14 12:57:43
SYS: *I
Flow  0 m3/h
Vel:  0 m/s

11-04-14 12:57:48
SYS: *I
Flow  0 m3/h
Vel:  0 m/s

11-04-14 12:57:53
SYS: *I
Flow  0 m3/h
Vel:  0 m/s

11-04-14 12:57:58
SYS: *I
Flow  0 m3/h
Vel:  0 m/s

11-04-14 12:58:03
SYS: *I
Flow  0 m3/h
Vel:  0 m/s

11-04-14 12:58:08
SYS: *I
Flow  0 m3/h
Vel:  0 m/s

11-04-14 12:58:13
SYS: *I
Flow  0 m3/h
Vel:  0 m/s

11-04-14 12:58:18
SYS: *I
Flow  0 m3/h
Vel:  0 m/s

11-04-14 12:58:23
SYS: *I
Flow  0 m3/h
Vel:  0 m/s

11-04-14 12:58:28
SYS: *I
Flow  0 m3/h
Vel:  0 m/s

11-04-14 12:58:33
SYS: *I
Flow  0 m3/h
Vel:  0 m/s

11-04-14 12:58:38
SYS: *I
Flow  0 m3/h
Vel:  0 m/s

11-04-14 12:58:43
SYS: *I
Flow  0 m3/h
Vel:  0 m/s

11-04-14 12:58:48
SYS: *I
Flow  0 m3/h
Vel:  0 m/s

11-04-14 12:58:53
SYS: *I
Flow  0 m3/h
Vel:  0 m/s

11-04-14 12:58:58
SYS: *I
Flow  0 m3/h
Vel:  0 m/s

11-04-14 12:59:03
SYS: *I
Flow  0 m3/h
Vel:  0 m/s

11-04-14 12:59:08
SYS: *I
Flow  0 m3/h
Vel:  0 m/s

11-04-14 12:59:13
SYS: *I
Flow  0 m3/h
Vel:  0 m/s

11-04-14 12:59:18
SYS: *I
Flow  0 m3/h
Vel:  0 m/s

11-04-14 12:59:23
SYS: *I
Flow  0 m3/h
Vel:  0 m/s

11-04-14 12:59:28
SYS: *I
Flow  0 m3/h
Vel:  0 m/s

11-04-14 12:59:33
SYS: *I
Flow  0 m3/h
Vel:  0 m/s

11-04-14 12:59:38
SYS: *I
Flow  0 m3/h
Vel:  0 m/s

11-04-14 12:59:43
SYS: *I
Flow  0 m3/h
Vel:  0 m/s

11-04-14 12:59:48
SYS: *I
Flow  0 m3/h
Vel:  0 m/s

11-04-14 12:59:53
SYS: *I
Flow  0 m3/h
Vel:  0 m/s

11-04-14 12:59:58
SYS: *I
Flow  0 m3/h
Vel:  0 m/s

11-04-14 13:00:03
SYS: *I
Flow  0 m3/h
Vel:  0 m/s

11-04-14 13:00:08
SYS: *I
Flow  0 m3/h
Vel:  0 m/s

11-04-14 13:00:13
SYS: *I
Flow  0 m3/h
Vel:  0 m/s

11-04-14 13:00:18
SYS: *I
Flow  0 m3/h
Vel:  0 m/s

11-04-14 13:00:23
SYS: *I
Flow  0 m3/h
Vel:  0 m/s

11-04-14 13:00:28
SYS: *I
Flow  0 m3/h
Vel:  0 m/s

11-04-14 13:00:33
SYS: *I
Flow  0 m3/h
Vel:  0 m/s

11-04-14 13:00:38
SYS: *I
Flow  0 m3/h
Vel:  0 m/s

11-04-14 13:00:43
SYS: *I
Flow  0 m3/h
Vel:  0 m/s

11-04-14 13:00:48
SYS: *I
Flow  0 m3/h
Vel:  0 m/s

11-04-14 13:00:53
SYS: *I
Flow  0 m3/h
Vel:  0 m/s

11-04-14 13:00:58
SYS: *I
Flow  0 m3/h
Vel:  0 m/s

11-04-14 13:01:03
SYS: *I
Flow  0 m3/h
Vel:  0 m/s

11-04-14 13:01:08
SYS: *I
Flow  0 m3/h
Vel:  0 m/s

11-04-14 13:01:13
SYS: *I
Flow  0 m3/h
Vel:  0 m/s

11-04-14 13:01:18
SYS: *I
Flow  0 m3/h
Vel:  0 m/s

11-04-14 13:01:23
SYS: *I
Flow  0 m3/h
Vel:  0 m/s

11-04-14 13:01:28
SYS: *I
Flow  0 m3/h
Vel:  0 m/s

11-04-14 13:01:33
SYS: *I
Flow  0 m3/h
Vel:  0 m/s

11-04-14 13:01:38
SYS: *I
Flow  0 m3/h
Vel:  0 m/s

11-04-14 13:01:43
SYS: *I
Flow  0 m3/h
Vel:  0 m/s

11-04-14 13:01:48
SYS: *I
Flow  0 m3/h
Vel:  0 m/s

11-04-14 13:01:53
SYS: *I
Flow  0 m3/h
Vel:  0 m/s

11-04-14 13:01:58
SYS: *I
Flow  0 m3/h
Vel:  0 m/s

11-04-14 13:02:03
SYS: *I
Flow  0 m3/h
Vel:  0 m/s

11-04-14 13:02:08
SYS: *I
Flow  0 m3/h
Vel:  0 m/s

11-04-14 13:02:13
SYS: *I
Flow  0 m3/h
Vel:  0 m/s

11-04-14 13:02:18
SYS: *I
Flow  0 m3/h
Vel:  0 m/s

11-04-14 13:02:23
SYS: *I
Flow  0 m3/h
Vel:  0 m/s

11-04-14 13:02:28
SYS: *I
Flow  0 m3/h
Vel:  0 m/s

11-04-14 13:02:33
SYS: *I
Flow  0 m3/h
Vel:  0 m/s

11-04-14 13:02:38
SYS: *I
Flow  0 m3/h
Vel:  0 m/s

11-04-14 13:02:43
SYS: *I
Flow  0 m3/h
Vel:  0 m/s

11-04-14 13:02:48
SYS: *I
Flow  0 m3/h
Vel:  0 m/s

11-04-14 13:02:53
SYS: *I
Flow  0 m3/h
Vel:  0 m/s

11-04-14 13:02:58
SYS: *I
Flow  0 m3/h
Vel:  0 m/s

11-04-14 13:03:03
SYS: *I
Flow  0 m3/h
Vel:  0 m/s

11-04-14 13:03:08
SYS: *I
Flow  0 m3/h
Vel:  0 m/s

11-04-14 13:03:13
SYS: *I
Flow  0 m3/h
Vel:  0 m/s

11-04-14 13:03:18
SYS: *I
Flow  0 m3/h
Vel:  0 m/s

11-04-14 13:03:23
SYS: *I
Flow  0 m3/h
Vel:  0 m/s

11-04-14 13:03:28
SYS: *I
Flow  0 m3/h
Vel:  0 m/s

11-04-14 13:03:33
SYS: *I
Flow  0 m3/h
Vel:  0 m/s

11-04-14 13:03:38
SYS: *I
Flow  0 m3/h
Vel:  0 m/s

11-04-14 13:03:43
SYS: *I
Flow  0 m3/h
Vel:  0 m/s

11-04-14 13:03:48
SYS: *I
Flow  0 m3/h
Vel:  0 m/s

11-04-14 13:03:53
SYS: *I
Flow  0 m3/h
Vel:  0 m/s

11-04-14 13:03:58
SYS: *I
Flow  0 m3/h
Vel:  0 m/s

11-04-14 13:04:03
SYS: *I
Flow  0 m3/h
Vel:  0 m/s

11-04-14 13:04:08
SYS: *I
Flow  0 m3/h
Vel:  0 m/s

11-04-14 13:04:13
SYS: *I
Flow  0 m3/h
Vel:  0 m/s

11-04-14 13:08:14
SYS: *I
Flow  0 m3/h
Vel:  0 m/s

11-04-14 13:08:19
SYS: *I
Flow  0 m3/h
Vel:  0 m/s

11-04-14 13:08:24
SYS: *I
Flow  0 m3/h
Vel:  0 m/s

11-04-14 13:08:29
SYS: *I
Flow  0 m3/h
Vel:  0 m/s

11-04-14 13:08:34
SYS: *I
Flow  0 m3/h
Vel:  0 m/s

11-04-14 13:08:39
SYS: *I
Flow  0 m3/h
Vel:  0 m/s

11-04-14 13:08:44
SYS: *I
Flow  0 m3/h
Vel:  0 m/s

11-04-14 13:08:49
SYS: *I
Flow  0 m3/h
Vel:  0 m/s

11-04-14 13:08:54
SYS: *I
Flow  0 m3/h
Vel:  0 m/s

11-04-14 13:08:59
SYS: *I
Flow  0 m3/h
Vel:  0 m/s

11-04-14 13:09:04
SYS: *I
Flow  0 m3/h
Vel:  0 m/s

11-04-14 13:09:09
SYS: *I
Flow  0 m3/h
Vel:  0 m/s

11-04-14 13:09:14
SYS: *I
Flow  0 m3/h
Vel:  0 m/s

11-04-14 13:09:19
SYS: *I
Flow  0 m3/h
Vel:  0 m/s

11-04-14 13:09:24
SYS: *I
Flow  0 m3/h
Vel:  0 m/s

11-04-14 13:09:29
SYS: *I
Flow  0 m3/h
Vel:  0 m/s

11-04-14 13:09:34
SYS: *I
Flow  0 m3/h
Vel:  0 m/s

11-04-14 13:09:39
SYS: *I
Flow  0 m3/h
Vel:  0 m/s

11-04-14 13:09:44
SYS: *I
Flow  0 m3/h
Vel:  0 m/s

11-04-14 13:09:49
SYS: *I
Flow  0 m3/h
Vel:  0 m/s

11-04-14 13:09:54
SYS: *I
Flow  0 m3/h
Vel:  0 m/s

11-04-14 13:09:59
SYS: *I
Flow  0 m3/h
Vel:  0 m/s

11-04-14 13:10:04
SYS: *I
Flow  0 m3/h
Vel:  0 m/s

11-04-14 13:10:09
SYS: *I
Flow  0 m3/h
Vel:  0 m/s

11-04-14 13:10:14
SYS: *I
Flow  0 m3/h
Vel:  0 m/s

11-04-14 13:10:19
SYS: *I
Flow  0 m3/h
Vel:  0 m/s

11-04-14 13:10:24
SYS: *I
Flow  0 m3/h
Vel:  0 m/s

11-04-14 13:10:29
SYS: *I
Flow  0 m3/h
Vel:  0 m/s

11-04-14 13:10:34
SYS: *I
Flow  0 m3/h
Vel:  0 m/s

11-04-14 13:10:39
SYS: *I
Flow  0 m3/h
Vel:  0 m/s

11-04-14 13:10:44
SYS: *I
Flow  0 m3/h
Vel:  0 m/s

11-04-14 13:10:49
SYS: *I
Flow  0 m3/h
Vel:  0 m/s

11-04-14 13:10:54
SYS: *I
Flow  0 m3/h
Vel:  0 m/s

11-04-14 13:10:59
SYS: *I
Flow  0 m3/h
Vel:  0 m/s

11-04-14 13:11:04
SYS: *I
Flow  0 m3/h
Vel:  0 m/s

11-04-14 13:11:09
SYS: *I
Flow  0 m3/h
Vel:  0 m/s

11-04-14 13:11:14
SYS: *I
Flow  0 m3/h
Vel:  0 m/s

11-04-14 13:11:19
SYS: *I
Flow  0 m3/h
Vel:  0 m/s

11-04-14 13:11:24
SYS: *I
Flow  0 m3/h
Vel:  0 m/s

11-04-14 13:11:29
SYS: *I
Flow  0 m3/h
Vel:  0 m/s

11-04-14 13:11:34
SYS: *I
Flow  0 m3/h
Vel:  0 m/s

11-04-14 13:11:39
SYS: *I
Flow  0 m3/h
Vel:  0 m/s

11-04-14 13:11:44
SYS: *I
Flow  0 m3/h
Vel:  0 m/s

11-04-14 13:11:49
SYS: *I
Flow  0 m3/h
Vel:  0 m/s

11-04-14 13:11:54
SYS: *I
Flow  0 m3/h
Vel:  0 m/s

11-04-14 13:11:59
SYS: *I
Flow  0 m3/h
Vel:  0 m/s

11-04-14 13:12:04
SYS: *I
Flow  0 m3/h
Vel:  0 m/s

11-04-14 13:12:09
SYS: *I
Flow  0 m3/h
Vel:  0 m/s

11-04-14 13:12:14
SYS: *I
Flow  0 m3/h
Vel:  0 m/s

11-04-14 13:12:19
SYS: *I
Flow  0 m3/h
Vel:  0 m/s

11-04-14 13:12:24
SYS: *I
Flow  0 m3/h
Vel:  0 m/s

11-04-14 13:12:29
SYS: *I
Flow  0 m3/h
Vel:  0 m/s

11-04-14 13:12:34
SYS: *I
Flow  0 m3/h
Vel:  0 m/s

11-04-14 13:12:39
SYS: *I
Flow  0 m3/h
Vel:  0 m/s

11-04-14 13:12:44
SYS: *I
Flow  0 m3/h
Vel:  0 m/s

11-04-14 13:12:49
SYS: *I
Flow  0 m3/h
Vel:  0 m/s

11-04-14 13:12:54
SYS: *I
Flow  0 m3/h
Vel:  0 m/s

11-04-14 13:12:59
SYS: *I
Flow  0 m3/h
Vel:  0 m/s

11-04-14 13:13:04
SYS: *I
Flow  0 m3/h
Vel:  0 m/s

11-04-14 13:13:09
SYS: *I
Flow  0 m3/h
Vel:  0 m/s

11-04-14 13:13:14
SYS: *I
Flow  0 m3/h
Vel:  0 m/s

11-04-14 13:13:19
SYS: *I
Flow  0 m3/h
Vel:  0 m/s

11-04-14 13:13:24
SYS: *I
Flow  0 m3/h
Vel:  0 m/s

11-04-14 13:el:  0 m/s
UP:000 DN:000 Q=00

11-04-14 13:15:30
SYS: *I
Flow  0 m3/h
Vel:  0 m/s
UP:000 DN:000 Q=00

11-04-14 13:15:35
SYS: *I
Flow  0 m3/h
Vel:  0 m/s
UP:000 DN:000 Q=00

11-04-14 13:15:40
SYS: *I
Flow  0 m3/h
Vel:  0 m/s
UP:000 DN:000 Q=00

11-04-14 13:15:45
SYS: *I
Flow  0 m3/h
Vel:  0 m/s
UP:000 DN:000 Q=00

11-04-14 13:15:50
SYS: *I
Flow  0 m3/h
Vel:  0 m/s
UP:000 DN:000 Q=00

11-04-14 13:15:55
SYS: *I
Flow  0 m3/h
Vel:  0 m/s
UP:000 DN:000 Q=00

11-04-14 13:16:00
SYS: *I
Flow  0 m3/h
Vel:  0 m/s
UP:000 DN:000 Q=00

11-04-14 13:16:05
SYS: *I
Flow  0 m3/h
Vel:  0 m/s
UP:000 DN:000 Q=00

11-04-14 13:16:10
SYS: *I
Flow  0 m3/h
Vel:  0 m/s
UP:000 DN:000 Q=00

11-04-14 13:16:15
SYS: *I
Flow  0 m3/h
Vel:  0 m/s
UP:000 DN:000 Q=00

11-04-14 13:16:20
SYS: *I
Flow  0 m3/h
Vel:  0 m/s
UP:000 DN:000 Q=00

11-04-14 13:16:25
SYS: *I
Flow  0 m3/h
Vel:  0 m/s
UP:000 DN:000 Q=00

11-04-14 13:16:30
SYS: *I
Flow  0 m3/h
Vel:  0 m/s
UP:000 DN:000 Q=00

11-04-14 13:16:35
SYS: *I
Flow  0 m3/h
Vel:  0 m/s
UP:000 DN:000 Q=00

11-04-14 13:16:40
SYS: *I
Flow  0 m3/h
Vel:  0 m/s
UP:000 DN:000 Q=00

11-04-14 13:16:45
SYS: *I
Flow  0 m3/h
Vel:  0 m/s
UP:000 DN:000 Q=00

11-04-14 13:16:50
SYS: *I
Flow  0 m3/h
Vel:  0 m/s
UP:000 DN:000 Q=00

11-04-14 13:16:55
SYS: *I
Flow  0 m3/h
Vel:  0 m/s
UP:000 DN:000 Q=00

11-04-14 13:17:00
SYS: *I
Flow  0 m3/h
Vel:  0 m/s
UP:000 DN:000 Q=00

11-04-14 13:17:05
SYS: *I
Flow  0 m3/h
Vel:  0 m/s
UP:000 DN:000 Q=00

11-04-14 13:17:10
SYS: *I
Flow  0 m3/h
Vel:  0 m/s
UP:000 DN:000 Q=00

11-04-14 13:17:15
SYS: *I
Flow  0 m3/h
Vel:  0 m/s
UP:000 DN:000 Q=00

11-04-14 13:17:20
SYS: *I
Flow  0 m3/h
Vel:  0 m/s
UP:000 DN:000 Q=00

11-04-14 13:17:25
SYS: *I
Flow  0 m3/h
Vel:  0 m/s
UP:000 DN:000 Q=00

11-04-14 13:17:30
SYS: *I
Flow  0 m3/h
Vel:  0 m/s
UP:000 DN:000 Q=00

11-04-14 13:17:35
SYS: *I
Flow  0 m3/h
Vel:  0 m/s
UP:000 DN:000 Q=00

11-04-14 13:17:40
SYS: *I
Flow  0 m3/h
Vel:  0 m/s
UP:000 DN:000 Q=00

11-04-14 13:17:45
SYS: *I
Flow  0 m3/h
Vel:  0 m/s
UP:000 DN:000 Q=00

11-04-14 13:17:50
SYS: *I
Flow  0 m3/h
Vel:  0 m/s
UP:000 DN:000 Q=00

11-04-14 13:17:55
SYS: *I
Flow  0 m3/h
Vel:  0 m/s
UP:000 DN:000 Q=00

11-04-14 10 m/s
UP:000 DN:000 Q=00

11-04-14 13:19:00
SYS: *I
Flow  0 m3/h
Vel:  0 m/s
UP:000 DN:000 Q=00

11-04-14 13:19:05
SYS: *I
Flow  0 m3/h
Vel:  0 m/s
UP:000 DN:000 Q=00

11-04-14 13:19:10
SYS: *I
Flow  0 m3/h
Vel:  0 m/s
UP:000 DN:000 Q=00

11-04-14 13:19:15
SYS: *I
Flow  0 m3/h
Vel:  0 m/s
UP:000 DN:000 Q=00

11-04-14 13:19:20
SYS: *I
Flow  0 m3/h
Vel:  0 m/s
UP:000 DN:000 Q=00

11-04-14 13:19:25
SYS: *I
Flow  0 m3/h
Vel:  0 m/s
UP:000 DN:000 Q=00

11-04-14 13:19:30
SYS: *I
Flow  0 m3/h
Vel:  0 m/s
UP:000 DN:000 Q=00

11-04-14 13:19:35
SYS: *I
Flow  0 m3/h
Vel:  0 m/s
UP:000 DN:000 Q=00

11-04-14 13:19:40
SYS: *I
Flow  0 m3/h
Vel:  0 m/s
UP:000 DN:000 Q=00

11-04-14 13:19:45
SYS: *I
Flow  0 m3/h
Vel:  0 m/s
UP:000 DN:000 Q=00

11-04-14 13:19:50
SYS: *I
Flow  0 m3/h
Vel:  0 m/s
UP:000 DN:000 Q=00

11-04-14 13:19:55
SYS: *I
Flow  0 m3/h
Vel:  0 m/s
UP:000 DN:000 Q=00

11-04-14 13:20:00
SYS: *I
Flow  0 m3/h
Vel:  0 m/s
UP:000 DN:000 Q=00

11-04-14 13:20:05
SYS: *I
Flow  0 m3/h
Vel:  0 m/s
UP:000 DN:000 Q=00

11-04-14 13:20:10
SYS: *I
Flow  0 m3/h
Vel:  0 m/s
UP:000 DN:000 Q=00

11-04-14 13:20:15
SYS: *I
Flow  0 m3/h
Vel:  0 m/s
UP:000 DN:000 Q=00

11-04-14 13:20:20
SYS: *I
Flow  0 m3/h
Vel:  0 m/s
UP:000 DN:000 Q=00

11-04-14 13:20:25
SYS: *I
Flow  0 m3/h
Vel:  0 m/s
UP:000 DN:000 Q=00

11-04-14 13:20:30
SYS: *I
Flow  0 m3/h
Vel:  0 m/s
UP:000 DN:000 Q=00

11-04-14 13:20:35
SYS: *I
Flow  0 m3/h
Vel:  0 m/s
UP:000 DN:000 Q=00

11-04-14 13:20:40
SYS: *I
Flow  0 m3/h
Vel:  0 m/s
UP:000 DN:000 Q=00

11-04-14 13:20:45
SYS: *I
Flow  0 m3/h
Vel:  0 m/s
UP:000 DN:000 Q=00

11-04-14 14:05:59
SYS: *I
Flow  0 m3/h
Vel:  0 m/s
UP:000 DN:000 Q=00

11-04-14 14:06:00
SYS: *I
Flow  0 m3/h
Vel:  0 m/s
UP:000 DN:000 Q=00

11-04-14 14:06:01
SYS: *I
Flow  0 m3/h
Vel:  0 m/s
UP:000 DN:000 Q=00

11-04-14 14:06:02
SYS: *I
Flow  0 m3/h
Vel:  0 m/s
UP:000 DN:000 Q=00

11-04-14 14:06:03
SYS: *I
Flow  0 m3/h
Vel:  0 m/s
UP:000 DN:000 Q=00

11-04-14 14:06:04
SYS: *I
Flow  0 m3/h
Vel:  0 m/s
UP:000 DN:000 Q=00

11-04-14 14:06:05
SYS: *I
Flow  0 m3/h
Vel:  0 m/s
UP:000 DN:000 Q=00

11-04-14 14:06:06
SYS: *I
Flow  0 m3/h
Vel:  0 m/s
UP:000 DN:000 Q=00

11-04-14 14:06:07
SYS: *I
Flow  0 m3/h
Vel:  0 m/s
UP:000 DN:000 Q=00

11-04-14 14:06:08
SYS: *I
Flow  0 m3/h
Vel:  0 m/s
UP:000 DN:000 Q=00

11-04-14 14:06:09
SYS: *I
Flow  0 m3/h
Vel:  0 m/s
UP:000 DN:000 Q=00

11-04-14 14:06:10
SYS: *I
Flow  0 m3/h
Vel:  0 m/s
UP:000 DN:000 Q=00

11-04-14 14:06:11
SYS: *I
Flow  0 m3/h
Vel0 m/s
UP:000 DN:000 Q=00

11-04-14 14:06:23
SYS: *I
Flow  0 m3/h
Vel:  0 m/s
UP:000 DN:000 Q=00

11-04-14 14:06:24
SYS: *I
Flow  0 m3/h
Vel:  0 m/s
UP:000 DN:000 Q=00

11-04-14 14:06:25
SYS: *I
Flow  0 m3/h
Vel:  0 m/s
UP:000 DN:000 Q=00

11-04-14 14:06:26
SYS: *I
Flow  0 m3/h
Vel:  0 m/s
UP:000 DN:000 Q=00

11-04-14 14:06:27
SYS: *I
Flow  0 m3/h
Vel:  0 m/s
UP:000 DN:000 Q=00

11-04-14 14:06:28
SYS: *I
Flow  0 m3/h
Vel:  0 m/s
UP:000 DN:000 Q=00

11-04-14 14:06:29
SYS: *I
Flow  0 m3/h
Vel:  0 m/s
UP:000 DN:000 Q=00

11-04-14 14:06:30
SYS: *I
Flow  0 m3/h
Vel:  0 m/s
UP:000 DN:000 Q=00

11-04-14 14:06:31
SYS: *I
Flow  0 m3/h
Vel:  0 m/s
UP:000 DN:000 Q=00

11-04-14 14:06:32
SYS: *I
Flow  0 m3/h
Vel:  0 m/s
UP:000 DN:000 Q=00

11-04-14 14:06:33
SYS: *I
Flow  0 m3/h
Vel:  0 m/s
UP:000 DN:000 Q=00

11-04-14 14:06:34
SYS: *I
Flow  0 m3/h
Vel:  0 m/s
UP:000 DN:000 Q=00

11-04-14 14:06:35
SYS: *I
Flow  0 m3/h
Vel:  0 m/s
UP:000 DN:000 Q=00

11-04-14 14:06:36
SYS: *I
Flow  0 m3/h
Vel:  0 m/s
UP:000 DN:000 Q=00

11-04-14 14:06:37
SYS: *I
Flow  0 m3/h
Vel:  0 m/s
UP:000 DN:000 Q=00

11-04-14 14:06:38
SYS: *I
Flow  0 m3/h
Vel:  0 m/s
UP:000 DN:000 Q=00

11-04-14 14:06:39
SYS: *I
Flow  0 m3/h
Vel:  0 m/s
UP:000 DN:000 Q=00

11-04-14 14:06:40
SYS: *I
Flow  0 m3/h
Vel:  0 m/s
UP:000 DN:000 Q=00

11-04-14 14:06:41
SYS: *I
Flow  0 m3/h
Vel:  0 m/s
UP:000 DN:000 Q=00

11-04-14 14:06:42
SYS: *I
Flow  0 m3/h
Vel:  0 m/s
UP:000 DN:000 Q=00

11-04-14 14:06:43
SYS: *I
Flow  0 m3/h
Vel:  0 m/s
UP:000 DN:000 Q=00

11-04-14 14:06:44
SYS: *I
Flow  0 m3/h
Vel:  0 m/s
UP:000 DN:000 Q=00

11-04-14 14:06:45
SYS: *I
Flow  0 m3/h
Vel:  0 m/s
UP:000 DN:000 Q=00

11-04-14 14:06:46
SYS: *I
Flow  0 m3/h
Vel:  0 m/s
UP:000 DN:000 Q=00

11-04-14 14:06:47
SYS: *I
Flow  0 m3/h
Vel:  0 m/s
UP:000 DN:000 Q=00

11-04-14 14:06:48
SYS: *I
Flow  0 m3/h
Vel:  0 m/s
UP:000 DN:000 Q=00

11-04-14 14:06:49
SYS: *I
Flow  0 m3/h
Vel:  0 m/s
UP:000 DN:000 Q=00

11-04-14 14:06:50
SYS: *I
Flow  0 m3/h
Vel:  0 m/s
UP:000 DN:000 Q=00

11-04-14 14:06:51
SYS: *I
Flow  0 m3/h
Vel:  0 m/s
UP:000 DN:000 Q=00

11-04-14 14:06:52
SYS: *I
Flow  0 m3/h
Vel:  0 m/s
UP:000 DN:000 Q=00

11-04-14 14:06:53
SYS: *I
Flow  0 m3/h
Vel:  0 m/s
UP:000 DN:000 Q=00

11-04-14 14:06:54
SYS: *I
Flow  0 m3/h
Vel:  0 m/s
UP:000 DN:000 Q=00

11-04-14 14:06:55
SYS: *I
Flow  0 m3/h
Vel:  0 m/s
UP:000 DN:000 Q=00

11-04-14 14:06:56
SYS: *I
Flow  0 m3/h
Vel:  0 m/s
UP:000 DN:000 Q=00

11-04-14 14:06:57
SYS: *I
Flow  0 m3/h
Vel:  0 m/s
UP:000 DN:000 Q=00

1 DN:000 Q=00

11-04-14 14:07:12
SYS: *I
Flow  0 m3/h
Vel:  0 m/s
UP:000 DN:000 Q=00

11-04-14 14:07:13
SYS: *I
Flow  0 m3/h
Vel:  0 m/s
UP:000 DN:000 Q=00

11-04-14 14:07:14
SYS: *I
Flow  0 m3/h
Vel:  0 m/s
UP:000 DN:000 Q=00

11-04-14 14:07:15
SYS: *I
Flow  0 m3/h
Vel:  0 m/s
UP:000 DN:000 Q=00

11-04-14 14:07:16
SYS: *I
Flow  0 m3/h
Vel:  0 m/s
UP:000 DN:000 Q=00

11-04-14 14:07:17
SYS: *I
Flow  0 m3/h
Vel:  0 m/s
UP:000 DN:000 Q=00

11-04-14 14:07:18
SYS: *I
Flow  0 m3/h
Vel:  0 m/s
UP:000 DN:000 Q=00

11-04-14 14:07:19
SYS: *I
Flow  0 m3/h
Vel:  0 m/s
UP:000 DN:000 Q=00

11-04-14 14:07:20
SYS: *I
Flow  0 m3/h
Vel:  0 m/s
UP:000 DN:000 Q=00

11-04-14 14:07:21
SYS: *I
Flow  0 m3/h
Vel:  0 m/s
UP:000 DN:000 Q=00

11-04-14 14:07:22
SYS: *I
Flow  0 m3/h
Vel:  0 m/s
UP:000 DN:000 Q=00

11-04-14 14:07:23
SYS: *I
Flow  0 m3/h
Vel:  0 m/s
UP:000 DN:000 Q=00

11-04-14 14:07:24
SYS: *I
Flow  0 m3/h
Vel:  0 m/s
UP:000 DN:000 Q=00

11-04-14 14:07:25
SYS: *I
Flow  0 m3/h
Vel:  0 m/s
UP:000 DN:000 Q=00

11-04-14 14:07:26
SYS: *I
Flow  0 m3/h
Vel:  0 m/s
UP:000 DN:000 Q=00

11-04-14 14:07:27
SYS: *I
Flow  0 m3/h
Vel:  0 m/s
UP:000 DN:000 Q=00

11-04-14 14:07:28
SYS: *I
Flow  0 m3/h
Vel:  0 m/s
UP:000 DN:000 Q=00

11-04-14 14:07:29
SYS: *I
Flow  0 m3/h
Vel:  0 m/s
UP:000 DN:000 Q=00

11-04-14 14:07:30
SYS: *I
Flow  0 m3/h
Vel:  0 m/s
UP:000 DN:000 Q=00

11-04-14 14:07:31
SYS: *I
Flow  0 m3/h
Vel:  0 m/s
UP:000 DN:000 Q=00

11-04-14 14:07:32
SYS: *I
Flow  0 m3/h
Vel:  0 m/s
UP:000 DN:000 Q=00

11-04-14 14:07:33
SYS: *I
Flow  0 m3/h
Vel:  0 m/s
UP:000 DN:000 Q=00

11-04-14 14:07:34
SYS: *I
Flow  0 m3/h
Vel:  0 m/s
UP:000 DN:000 Q=00

11-04-14 14:07:35
SYS: *I
Flow  0 m3/h
Vel:  0 m/s
UP:000 DN:000 Q=00

11-04-14 14:07:36
SYS: *I
Flow  0 m3/h
Vel:  0 m/s
UP:000 DN:000 Q=00

11-04-14 14:07:37
SYS: *I
Flow  0 m3/h
Vel:  0 m/s
UP:000 DN:000 Q=00

11-04-14 14:07:38
SYS: *I
Flow  0 m3/h
Vel:  0 m/s
UP:000 DN:000 Q=00

11-04-14 14:07:39
SYS: *I
Flow  0 m3/h
Vel:  0 m/s
UP:000 DN:000 Q=00

11-04-14 14:07:40
SYS: *I
Flow  0 m3/h
Vel:  0 m/s
UP:000 DN:000 Q=00

11-04-14 14:07:41
SYS: *I
Flow  0 m3/h
Vel:  0 m/s
UP:000 DN:000 Q=00

11-04-14 14:07:42
SYS: *I
Flow  0 m3/h
Vel:  0 m/s
UP:000 DN:000 Q=00

11-04-14 14:07:43
SYS: *I
Flow  0 m3/h
Vel:  0 m/s
UP:000 DN:000 Q=00

11-04-14 14:07:44
SYS: *I
Flow  0 m3/h
Vel:  0 m/s
UP:000 DN:000 Q=00

11-04-14 14:07:45
SYS: *I
Flow  0 m3/h
Vel:  0 m/s
UP:000 DN:000 Q=00

11-04-14 14:07:46
SYS: *I
Flow  0 m3/h
Vel:  0 m/s
UP:000 DN:000 Q=00

11-04-14 14:07:47
SYS: *I
Flow  0 m3/h
Vel:  0 m/s
UP:000 DN:000 Q=00

11-04-14 14:07:48
SYS: *I
Flow  0 m3/h
Vel:  0 m/s
UP:000 DN:000 Q=00

11-04-14
Flow  0 m3/h
Vel:  0 m/s
UP:000 DN:000 Q=00

11-04-14 14:08:03
SYS: *I
Flow  0 m3/h
Vel:  0 m/s
UP:000 DN:000 Q=00

11-04-14 14:08:04
SYS: *I
Flow  0 m3/h
Vel:  0 m/s
UP:000 DN:000 Q=00

11-04-14 14:21:22
SYS: *R
Flow  0.451199 m3/h
Vel:  0.0963356 m/s
UP:798 DN:798 Q=99

11-04-14 14:21:23
SYS: *R
Flow  0.95455 m3/h
Vel:  0.203806 m/s
UP:799 DN:798 Q=99

11-04-14 14:21:24
SYS: *R
Flow  0.611673 m3/h
Vel:  0.130599 m/s
UP:799 DN:798 Q=99

11-04-14 14:21:25
SYS: *R
Flow  0.536497 m3/h
Vel:  0.114548 m/s
UP:799 DN:798 Q=99

11-04-14 14:21:26
SYS: *R
Flow  0.614598 m3/h
Vel:  0.131223 m/s
UP:799 DN:798 Q=99

11-04-14 14:21:27
SYS: *R
Flow  0.598368 m3/h
Vel:  0.127758 m/s
UP:799 DN:799 Q=97

11-04-14 14:21:28
SYS: *R
Flow  0.551237 m3/h
Vel:  0.117695 m/s
UP:799 DN:798 Q=95

11-04-14 14:21:29
SYS: *R
Flow  0.626401 m3/h
Vel:  0.133743 m/s
UP:700 DN:798 Q=97

11-04-14 14:21:30
SYS: *R
Flow  0.768054 m3/h
Vel:  0.163987 m/s
UP:799 DN:798 Q=97

11-04-14 14:21:31
SYS: *R
Flow  0.686876 m3/h
Vel:  0.146655 m/s
UP:798 DN:798 Q=99

11-04-14 14:21:32
SYS: *R
Flow  0.371362 m3/h
Vel:  0.0792897 m/s
UP:700 DN:799 Q=94

11-04-14 14:21:33
SYS: *R
Flow  0.462947 m3/h
Vel:  0.0988439 m/s
UP:799 DN:798 Q=96

11-04-14 14:21:34
SYS: *R
Flow  0.688355 m3/h
Vel:  0.146971 m/s
UP:798 DN:798 Q=96

11-04-14 14:21:35
SYS: *R
Flow  0.706109 m3/h
Vel:  0.150762 m/s
UP:799 DN:797 Q=97

11-04-14 14:21:36
SYS: *R
Flow  0.592505 m3/h
Vel:  0.126506 m/s
UP:799 DN:798 Q=97

11-04-14 14:21:37
SYS: *R
Flow  0.454123 m3/h
Vel:  0.09696 m/s
UP:799 DN:797 Q=97

11-04-14 14:21:38
SYS: *R
Flow  0.627901 m3/h
Vel:  0.134063 m/s
UP:798 DN:797 Q=97

11-04-14 14:21:39
SYS: *R
Flow  0.539486 m3/h
Vel:  0.115186 m/s
UP:799 DN:798 Q=99

11-04-14 14:21:40
SYS: *R
Flow  0.748869 m3/h
Vel:  0.159891 m/s
UP:799 DN:798 Q=99

11-04-14 14:21:41
SYS: *R
Flow  0.691325 m3/h
Vel:  0.147605 m/s
UP:799 DN:798 Q=99

11-04-14 14:21:42
SYS: *R
Flow  0.692815 m3/h
Vel:  0.147923 m/s
UP:799 DN:798 Q=97

11-04-14 14:21:43
SYS: *R
Flow  0.613134 m3/h
Vel:  0.130911 m/s
UP:799 DN:798 Q=95

11-04-14 14:21:44
SYS: *R
Flow  0.620497 m3/h
Vel:  0.132483 m/s
UP:799 DN:797 Q=95

11-04-14 14:21:45
SYS: *R
Flow  0.732666 m3/h
Vel:  0.156432 m/s
UP:799 DN:798 Q=97

11-04-14 14:21:46
SYS: *R
Flow  0.695712 m3/h
Vel:  0.148542 m/s
UP:799 DN:797 Q=97

11-04-14 14:21:47
SYS: *R
Flow  0.614608 m3/h
Vel:  0.131225 m/s
UP:799 DN:798 Q=99

11-04-14 14:21:48
SYS: *R
Flow  0.568936 m3/h
Vel:  0.121474 m/s
UP:797 DN:796 Q=99

11-04-14 14:21:49
SYS: *R
Flow  0.867432 m3/h
Vel:  0.185206 m/s
UP:798 DN:797 Q=99

11-04-14 14:21:50
SYS: *R
Flow  0.927861 m3/h
Vel:  0.198108 m/s
UP:798 DN:797 Q=96

11-04-14 14:21:51
SYS: *R
Flow  0.837662 m3/h
Vel:  0.178849 m/s
UP:798 DN:797 Q=99

11-04-14 14:21:52
SYS: *R
Flow  0.715008 m3/h
Vel:  0.152662 m/s
UP:798 DN:797 Q=95

11-04-14 14:21:53
SYS: *R
Flow  0.763774 m3/h
Vel:  0.163074 m/s
UP:799 DN:797 Q=97

11-04-14 14:21:54
SYS: *R
Flow  0.539479 m3/h
Vel:  0.115184 m/s
UP:798 DN:797 Q=97

11-04-14 14:21:55
SYS: *R
Flow  0.781385 m3/h
Vel:  0.166834 m/s
UP:798 DN:798 Q=99

11-04-14 14:21:56
SYS: *R
Flow  0.751867 m3/h
Vel:  0.160531 m/s
UP:798 DN:798 Q=96

11-04-14 14:21:57
SYS: *R
Flow  0.723855 m3/h
Vel:  0.154551 m/s
UP:798 DN:797 Q=99

11-04-14 14:21:58
SYS: *R
Flow -0.212792 m3/h
Vel: -0.0454334 m/s
UP:799 DN:798 Q=96

11-04-14 14:21:59
SYS: *R
Flow -0.52467 m3/h
Vel: -0.112023 m/s
UP:799 DN:799 Q=99

11-04-14 14:22:00
SYS: *R
Flow -0.736586 m3/h
Vel: -0.157269 m/s
UP:799 DN:798 Q=97

11-04-14 14:22:01
SYS: *R
Flow -0.896504 m3/h
Vel: -0.191413 m/s
UP:700 DN:799 Q=95

11-04-14 14:22:02
SYS: *R
Flow -0.795309 m3/h
Vel: -0.169807 m/s
UP:700 DN:799 Q=97

11-04-14 14:22:03
SYS: *R
Flow -0.880237 m3/h
Vel: -0.18794 m/s
UP:800 DN:700 Q=97

11-04-14 14:22:04
SYS: *R
Flow -0.816028 m3/h
Vel: -0.17423 m/s
UP:801 DN:700 Q=96

11-04-14 14:22:05
SYS: *R
Flow -0.802759 m3/h
Vel: -0.171398 m/s
UP:801 DN:801 Q=99

11-04-14 14:22:06
SYS: *R
Flow -1.14001 m3/h
Vel: -0.243405 m/s
UP:801 DN:800 Q=99

11-04-14 14:22:07
SYS: *R
Flow -0.898217 m3/h
Vel: -0.191779 m/s
UP:801 DN:801 Q=99

11-04-14 14:22:08
SYS: *R
Flow -1.13906 m3/h
Vel: -0.2432 m/s
UP:802 DN:801 Q=99

11-04-14 14:22:09
SYS: *R
Flow -1.01015 m3/h
Vel: -0.215678 m/s
UP:802 DN:801 Q=99

11-04-14 14:22:10
SYS: *R
Flow -0.873711 m3/h
Vel: -0.186546 m/s
UP:802 DN:801 Q=97

11-04-14 14:22:11
SYS: *R
Flow -0.74842 m3/h
Vel: -0.159795 m/s
UP:802 DN:801 Q=97

11-04-14 14:22:12
SYS: *R
Flow -0.932432 m3/h
Vel: -0.199084 m/s
UP:802 DN:801 Q=97

11-04-14 14:22:13
SYS: *R
Flow -1.07035 m3/h
Vel: -0.228531 m/s
UP:802 DN:801 Q=99

11-04-14 14:22:14
SYS: *R
Flow -0.854529 m3/h
Vel: -0.182451 m/s
UP:802 DN:801 Q=99

11-04-14 14:22:15
SYS: *R
Flow -1.07022 m3/h
Vel: -0.228504 m/s
UP:799 DN:800 Q=99

11-04-14 14:22:16
SYS: *R
Flow -0.889034 m3/h
Vel: -0.189818 m/s
UP:793 DN:798 Q=88

11-04-14 14:22:17
SYS: *R
Flow -0.946824 m3/h
Vel: -0.202157 m/s
UP:787 DN:796 Q=70

11-04-14 14:22:18
SYS: *R
Flow -0.737826 m3/h
Vel: -0.157534 m/s
UP:782 DN:794 Q=68

11-04-14 14:22:19
SYS: *R
Flow -1.05556 m3/h
Vel: -0.225373 m/s
UP:779 DN:779 Q=67

11-04-14 14:22:20
SYS: *G
Flow  0 m3/h
Vel:  0 m/s
UP:778 DN:778 Q=00

11-04-14 14:22:21
SYS: *G
Flow  0 m3/h
Vel:  0 m/s
UP:778 DN:778 Q=00

11-04-14 14:22:22
SYS: *G
Flow  0 m3/h
Vel:  0 m/s
UP:778 DN:778 Q=00

11-04-14 14:22:23
SYS: *R
Flow -1.19925 m3/h
Vel: -0.256052 m/s
UP:778 DN:778 Q=90

11-04-14 14:22:24
SYS: *R
Flow -0.607028 m3/h
Vel: -0.129607 m/s
UP:778 DN:778 Q=91

11-04-14 14:22:25
SYS: *R
Flow -0.629653 m3/h
Vel: -0.134438 m/s
UP:778 DN:777 Q=93

11-04-14 14:22:26
SYS: *R
Flow -0.82687 m3/h
Vel: -0.176545 m/s
UP:777 DN:777 Q=90

11-04-14 14:22:27
SYS: *R
Flow -0.811951 m3/h
Vel: -0.17336 m/s
UP:777 DN:777 Q=94

11-04-14 14:22:28
SYS: *R
Flow -1.18315 m3/h
Vel: -0.252615 m/s
UP:777 DN:776 Q=90

11-04-14 14:22:29
SYS: *R
Flow -0.86627 m3/h
Vel: -0.184958 m/s
UP:776 DN:776 Q=87

11-04-14 14:22:30
SYS: *R
Flow -0.67208 m3/h
Vel: -0.143496 m/s
UP:776 DN:775 Q=93

11-04-14 14:22:31
SYS: *R
Flow -0.625517 m3/h
Vel: -0.133554 m/s
UP:776 DN:776 Q=91

11-04-14 14:22:32
SYS: *R
Flow -0.847024 m3/h
Vel: -0.180848 m/s
UP:775 DN:775 Q=92

11-04-14 14:22:33
SYS: *R
Flow -0.841093 m3/h
Vel: -0.179582 m/s
UP:774 DN:774 Q=88

11-04-14 14:22:34
SYS: *R
Flow -0.740232 m3/h
Vel: -0.158047 m/s
UP:774 DN:774 Q=92

11-04-14 14:22:35
SYS: *R
Flow -0.764264 m3/h
Vel: -0.163178 m/s
UP:774 DN:774 Q=89

11-04-14 14:22:36
SYS: *R
Flow -0.77644 m3/h
Vel: -0.165778 m/s
UP:773 DN:774 Q=89

11-04-14 14:22:37
SYS: *R
Flow -0.331944 m3/h
Vel: -0.0708735 m/s
UP:773 DN:773 Q=92

11-04-14 14:22:38
SYS: *R
Flow -0.226147 m3/h
Vel: -0.0482848 m/s
UP:774 DN:773 Q=90

11-04-14 14:22:39
SYS: *R
Flow  0.37436 m3/h
Vel:  0.0799297 m/s
UP:774 DN:773 Q=90

11-04-14 14:22:40
SYS: *R
Flow  0.523673 m3/h
Vel:  0.11181 m/s
UP:774 DN:773 Q=90

11-04-14 14:22:41
SYS: *R
Flow  0.625924 m3/h
Vel:  0.133641 m/s
UP:774 DN:773 Q=89

11-04-14 14:22:42
SYS: *R
Flow  0.686079 m3/h
Vel:  0.146485 m/s
UP:774 DN:773 Q=97

11-04-14 14:22:43
SYS: *R
Flow  0.850375 m3/h
Vel:  0.181564 m/s
UP:774 DN:773 Q=91

11-04-14 14:22:44
SYS: *R
Flow  0.898671 m3/h
Vel:  0.191876 m/s
UP:774 DN:773 Q=94

11-04-14 14:22:45
SYS: *R
Flow  0.839782 m3/h
Vel:  0.179302 m/s
UP:774 DN:773 Q=99

11-04-14 14:22:46
SYS: *R
Flow  0.704071 m3/h
Vel:  0.150327 m/s
UP:774 DN:773 Q=94

11-04-14 14:22:47
SYS: *R
Flow  0.720456 m3/h
Vel:  0.153825 m/s
UP:774 DN:773 Q=96

11-04-14 14:22:48
SYS: *R
Flow  0.844034 m3/h
Vel:  0.18021 m/s
UP:774 DN:773 Q=95

11-04-14 14:22:49
SYS: *R
Flow  0.942104 m3/h
Vel:  0.201149 m/s
UP:775 DN:773 Q=97

11-04-14 14:22:50
SYS: *R
Flow  0.857486 m3/h
Vel:  0.183082 m/s
UP:775 DN:774 Q=95

11-04-14 14:22:51
SYS: *R
Flow  0.859008 m3/h
Vel:  0.183407 m/s
UP:774 DN:773 Q=99

11-04-14 14:22:52
SYS: *R
Flow  0.972232 m3/h
Vel:  0.207582 m/s
UP:774 DN:773 Q=96

11-04-14 14:22:53
SYS: *R
Flow  0.893727 m3/h
Vel:  0.19082 m/s
UP:774 DN:773 Q=95

11-04-14 14:22:54
SYS: *R
Flow  0.874009 m3/h
Vel:  0.18661 m/s
UP:774 DN:773 Q=95

11-04-14 14:22:55
SYS: *R
Flow  0.874023 m3/h
Vel:  0.186613 m/s
UP:774 DN:772 Q=97

11-04-14 14:22:56
SYS: *R
Flow  1.00077 m3/h
Vel:  0.213675 m/s
UP:774 DN:773 Q=95

11-04-14 14:22:57
SYS: *R
Flow  0.955404 m3/h
Vel:  0.203989 m/s
UP:774 DN:774 Q=97

11-04-14 14:22:58
SYS: *R
Flow  0.857351 m3/h
Vel:  0.183053 m/s
UP:774 DN:773 Q=96

11-04-14 14:22:59
SYS: *R
Flow  0.846812 m3/h
Vel:  0.180803 m/s
UP:773 DN:772 Q=93

11-04-14 14:23:00
SYS: *R
Flow  0.950872 m3/h
Vel:  0.203021 m/s
UP:773 DN:773 Q=97

11-04-14 14:23:01
SYS: *R
Flow  0.908578 m3/h
Vel:  0.193991 m/s
UP:774 DN:773 Q=97

11-04-14 14:23:02
SYS: *R
Flow  0.978021 m3/h
Vel:  0.208818 m/s
UP:774 DN:773 Q=97

11-04-14 14:23:03
SYS: *R
Flow  0.819603 m3/h
Vel:  0.174994 m/s
UP:774 DN:773 Q=96

11-04-14 14:23:04
SYS: *R
Flow  0.700551 m3/h
Vel:  0.149575 m/s
UP:774 DN:774 Q=94

11-04-14 14:23:05
SYS: *R
Flow  0.869287 m3/h
Vel:  0.185602 m/s
UP:774 DN:773 Q=96

11-04-14 14:23:06
SYS: *R
Flow  0.869291 m3/h
Vel:  0.185603 m/s
UP:774 DN:773 Q=93

11-04-14 14:23:07
SYS: *R
Flow  0.888888 m3/h
Vel:  0.189787 m/s
UP:774 DN:773 Q=95

11-04-14 14:23:08
SYS: *R
Flow  0.858682 m3/h
Vel:  0.183338 m/s
UP:774 DN:773 Q=97

11-04-14 14:23:09
SYS: *R
Flow  0.940095 m3/h
Vel:  0.20072 m/s
UP:774 DN:773 Q=96

11-04-14 14:23:10
SYS: *R
Flow  0.863214 m3/h
Vel:  0.184305 m/s
UP:774 DN:774 Q=96

11-04-14 14:23:11
SYS: *R
Flow  0.32939 m3/h
Vel:  0.0703282 m/s
UP:775 DN:774 Q=96

11-04-14 14:23:12
SYS: *R
Flow  0.876683 m3/h
Vel:  0.187181 m/s
UP:774 DN:773 Q=99

11-04-14 14:23:13
SYS: *R
Flow  0.739611 m3/h
Vel:  0.157915 m/s
UP:775 DN:774 Q=94

11-04-14 14:23:14
SYS: *R
Flow  0.596653 m3/h
Vel:  0.127392 m/s
UP:776 DN:774 Q=96

11-04-14 14:23:15
SYS: *R
Flow  0.508033 m3/h
Vel:  0.10847 m/s
UP:774 DN:774 Q=95

11-04-14 14:23:16
SYS: *R
Flow  0.71249 m3/h
Vel:  0.152124 m/s
UP:774 DN:773 Q=97

11-04-14 14:23:17
SYS: *R
Flow  0.790734 m3/h
Vel:  0.16883 m/s
UP:774 DN:774 Q=99

11-04-14 14:23:18
SYS: *R
Flow  0.68388 m3/h
Vel:  0.146016 m/s
UP:774 DN:773 Q=96

11-04-14 14:23:19
SYS: *R
Flow  0.661354 m3/h
Vel:  0.141206 m/s
UP:774 DN:773 Q=99

11-04-14 14:23:20
SYS: *R
Flow  0.655317 m3/h
Vel:  0.139917 m/s
UP:774 DN:773 Q=96

11-04-14 14:23:21
SYS: *R
Flow  0.694385 m3/h
Vel:  0.148258 m/s
UP:774 DN:773 Q=97

11-04-14 14:23:22
SYS: *R
Flow  0.946032 m3/h
Vel:  0.201988 m/s
UP:773 DN:772 Q=97

11-04-14 14:23:23
SYS: *R
Flow  0.823923 m3/h
Vel:  0.175916 m/s
UP:774 DN:773 Q=97

11-04-14 14:23:24
SYS: *R
Flow  0.671784 m3/h
Vel:  0.143433 m/s
UP:774 DN:773 Q=97

11-04-14 14:23:25
SYS: *R
Flow  0.766634 m3/h
Vel:  0.163684 m/s
UP:773 DN:773 Q=96

11-04-14 14:23:26
SYS: *R
Flow  0.698894 m3/h
Vel:  0.149221 m/s
UP:773 DN:772 Q=99

11-04-14 14:23:27
SYS: *R
Flow  0.807342 m3/h
Vel:  0.172376 m/s
UP:774 DN:773 Q=94

11-04-14 14:23:28
SYS: *R
Flow  0.756005 m3/h
Vel:  0.161415 m/s
UP:773 DN:773 Q=96

11-04-14 14:23:29
SYS: *R
Flow  0.760582 m3/h
Vel:  0.162392 m/s
UP:773 DN:772 Q=97

11-04-14 14:23:30
SYS: *R
Flow  0.872118 m3/h
Vel:  0.186206 m/s
UP:773 DN:773 Q=95

11-04-14 14:23:31
SYS: *R
Flow  0.728935 m3/h
Vel:  0.155635 m/s
UP:773 DN:772 Q=96

11-04-14 14:23:32
SYS: *R
Flow  0.686833 m3/h
Vel:  0.146646 m/s
UP:773 DN:772 Q=97

11-04-14 14:23:33
SYS: *R
Flow  0.719941 m3/h
Vel:  0.153715 m/s
UP:773 DN:772 Q=94

11-04-14 14:23:34
SYS: *R
Flow  0.55605 m3/h
Vel:  0.118722 m/s
UP:773 DN:772 Q=96

11-04-14 14:23:35
SYS: *R
Flow  0.786121 m3/h
Vel:  0.167845 m/s
UP:773 DN:772 Q=95

11-04-14 14:23:36
SYS: *R
Flow  0.890102 m3/h
Vel:  0.190046 m/s
UP:773 DN:772 Q=97

11-04-14 14:23:37
SYS: *R
Flow  0.771118 m3/h
Vel:  0.164642 m/s
UP:773 DN:772 Q=95

11-04-14 14:23:38
SYS: *R
Flow  0.632609 m3/h
Vel:  0.135069 m/s
UP:773 DN:772 Q=99

11-04-14 14:23:39
SYS: *R
Flow  0.613093 m3/h
Vel:  0.130902 m/s
UP:773 DN:772 Q=96

11-04-14 14:23:40
SYS: *R
Flow  0.744015 m3/h
Vel:  0.158855 m/s
UP:773 DN:772 Q=94

11-04-14 14:23:41
SYS: *R
Flow  0.858417 m3/h
Vel:  0.183281 m/s
UP:773 DN:772 Q=96

11-04-14 14:23:42
SYS: *R
Flow  0.748514 m3/h
Vel:  0.159816 m/s
UP:773 DN:771 Q=95

11-04-14 14:23:43
SYS: *R
Flow  0.789249 m3/h
Vel:  0.168513 m/s
UP:772 DN:772 Q=97

11-04-14 14:23:44
SYS: *R
Flow  0.878034 m3/h
Vel:  0.187469 m/s
UP:773 DN:772 Q=95

11-04-14 14:23:45
SYS: *R
Flow  0.586035 m3/h
Vel:  0.125124 m/s
UP:773 DN:771 Q=99

11-04-14 14:23:46
SYS: *R
Flow  0.890011 m3/h
Vel:  0.190027 m/s
UP:772 DN:772 Q=99

11-04-14 14:23:47
SYS: *R
Flow  0.691237 m3/h
Vel:  0.147586 m/s
UP:772 DN:772 Q=96

11-04-14 14:23:48
SYS: *R
Flow  0.709277 m3/h
Vel:  0.151438 m/s
UP:773 DN:772 Q=97

11-04-14 14:23:49
SYS: *R
Flow  0.786083 m3/h
Vel:  0.167837 m/s
UP:773 DN:772 Q=97

11-04-14 14:23:50
SYS: *R
Flow  1.20391 m3/h
Vel:  0.257047 m/s
UP:773 DN:772 Q=97

11-04-14 14:23:51
SYS: *R
Flow  0.966849 m3/h
Vel:  0.206432 m/s
UP:773 DN:772 Q=93

11-04-14 14:23:52
SYS: *R
Flow  1.01055 m3/h
Vel:  0.215764 m/s
UP:773 DN:772 Q=96

11-04-14 14:23:53
SYS: *R
Flow  1.21734 m3/h
Vel:  0.259914 m/s
UP:773 DN:772 Q=95

11-04-14 14:23:54
SYS: *R
Flow  1.20822 m3/h
Vel:  0.257967 m/s
UP:773 DN:772 Q=99

11-04-14 14:23:55
SYS: *R
Flow  1.04832 m3/h
Vel:  0.223827 m/s
UP:773 DN:772 Q=95

11-04-14 14:23:56
SYS: *R
Flow  1.00604 m3/h
Vel:  0.214801 m/s
UP:773 DN:772 Q=97

11-04-14 14:23:57
SYS: *R
Flow  0.782991 m3/h
Vel:  0.167177 m/s
UP:773 DN:771 Q=95

11-04-14 14:23:58
SYS: *R
Flow  0.858473 m3/h
Vel:  0.183293 m/s
UP:772 DN:772 Q=94

11-04-14 14:23:59
SYS: *R
Flow  1.03471 m3/h
Vel:  0.220921 m/s
UP:773 DN:772 Q=99

11-04-14 14:24:00
SYS: *R
Flow  0.594693 m3/h
Vel:  0.126973 m/s
UP:773 DN:772 Q=96

11-04-14 14:24:01
SYS: *R
Flow  1.12829 m3/h
Vel:  0.240901 m/s
UP:773 DN:772 Q=92

11-04-14 14:24:02
SYS: *R
Flow  1.23712 m3/h
Vel:  0.264138 m/s
UP:773 DN:772 Q=91

11-04-14 14:24:03
SYS: *R
Flow  1.11331 m3/h
Vel:  0.237702 m/s
UP:757 DN:755 Q=93

11-04-14 14:24:04
SYS: *G
Flow  0 m3/h
Vel:  0 m/s
UP:755 DN:755 Q=00

11-04-14 14:24:05
SYS: *G
Flow  0 m3/h
Vel:  0 m/s
UP:755 DN:755 Q=00

11-04-14 14:24:06
SYS: *G
Flow  0 m3/h
Vel:  0 m/s
UP:755 DN:754 Q=00

11-04-14 14:24:07
SYS: *R
Flow  0.511332 m3/h
Vel:  0.733688 m/s
UP:755 DN:755 Q=75

11-04-14 14:24:08
SYS: *R
Flow  0.656298 m3/h
Vel:  0.941693 m/s
UP:755 DN:755 Q=73

11-04-14 14:24:09
SYS: *R
Flow  0.710011 m3/h
Vel:  1.01876 m/s
UP:755 DN:754 Q=69

11-04-14 14:24:10
SYS: *R
Flow  0.778291 m3/h
Vel:  1.11674 m/s
UP:754 DN:754 Q=74

11-04-14 14:24:11
SYS: *R
Flow  0.827225 m3/h
Vel:  1.18695 m/s
UP:755 DN:754 Q=78

11-04-14 14:24:12
SYS: *R
Flow  0.840437 m3/h
Vel:  1.20591 m/s
UP:754 DN:754 Q=72

11-04-14 14:24:13
SYS: *R
Flow  0.515089 m3/h
Vel:  0.739078 m/s
UP:755 DN:754 Q=74

11-04-14 14:24:14
SYS: *R
Flow  0.761139 m3/h
Vel:  1.09213 m/s
UP:754 DN:755 Q=70

11-04-14 14:24:15
SYS: *R
Flow  0.83794 m3/h
Vel:  1.20232 m/s
UP:755 DN:754 Q=76

11-04-14 14:24:16
SYS: *R
Flow  0.993341 m3/h
Vel:  1.4253 m/s
UP:755 DN:754 Q=68

11-04-14 14:24:17
SYS: *G
Flow  0 m3/h
Vel:  0 m/s
UP:755 DN:754 Q=00

11-04-14 14:24:18
SYS: *G
Flow  0 m3/h
Vel:  0 m/s
UP:755 DN:755 Q=00

11-04-14 14:24:19
SYS: *G
Flow  0 m3/h
Vel:  0 m/s
UP:755 DN:754 Q=00

11-04-14 14:24:20
SYS: *G
Flow  0 m3/h
Vel:  0 m/s
UP:755 DN:755 Q=00

11-04-14 14:24:21
SYS: *R
Flow  0.579837 m3/h
Vel:  0.831982 m/s
UP:754 DN:754 Q=75

11-04-14 14:24:22
SYS: *R
Flow  0.834302 m3/h
Vel:  1.1971 m/s
UP:755 DN:754 Q=79

11-04-14 14:24:23
SYS: *R
Flow  0.736242 m3/h
Vel:  1.0564 m/s
UP:755 DN:754 Q=75

11-04-14 14:24:24
SYS: *R
Flow  0.659636 m3/h
Vel:  0.946484 m/s
UP:755 DN:754 Q=73

11-04-14 14:24:25
SYS: *R
Flow  0.812678 m3/h
Vel:  1.16608 m/s
UP:755 DN:754 Q=76

11-04-14 14:24:26
SYS: *R
Flow  0.518194 m3/h
Vel:  0.743534 m/s
UP:754 DN:754 Q=76

11-04-14 14:24:27
SYS: *R
Flow  0.639566 m3/h
Vel:  0.917685 m/s
UP:754 DN:754 Q=72

11-04-14 14:24:28
SYS: *R
Flow  0.485152 m3/h
Vel:  0.696124 m/s
UP:755 DN:754 Q=68

11-04-14 14:24:29
SYS: *R
Flow  0.932556 m3/h
Vel:  1.33808 m/s
UP:755 DN:754 Q=70

11-04-14 14:24:30
SYS: *R
Flow  0.394777 m3/h
Vel:  0.566448 m/s
UP:755 DN:754 Q=74

11-04-14 14:24:31
SYS: *R
Flow  0.765633 m3/h
Vel:  1.09857 m/s
UP:750 DN:758 Q=76

11-04-14 14:24:32
SYS: *R
Flow  0.54701 m3/h
Vel:  0.784881 m/s
UP:758 DN:758 Q=72

11-04-14 14:24:33
SYS: *R
Flow  0.387532 m3/h
Vel:  0.556053 m/s
UP:758 DN:759 Q=74

11-04-14 14:24:34
SYS: *R
Flow -0.055623 m3/h
Vel: -0.079811 m/s
UP:762 DN:763 Q=76

11-04-14 14:24:35
SYS: *R
Flow  0.853456 m3/h
Vel:  1.22459 m/s
UP:764 DN:763 Q=92

11-04-14 14:24:36
SYS: *R
Flow  1.24109 m3/h
Vel:  1.78078 m/s
UP:771 DN:771 Q=89

11-04-14 14:24:37
SYS: *R
Flow  0.351772 m3/h
Vel:  0.504742 m/s
UP:773 DN:773 Q=95

11-04-14 14:24:38
SYS: *R
Flow  0.127891 m3/h
Vel:  0.183505 m/s
UP:775 DN:775 Q=79

11-04-14 14:24:39
SYS: *R
Flow  0.21953 m3/h
Vel:  0.314995 m/s
UP:770 DN:779 Q=91

11-04-14 14:24:40
SYS: *R
Flow  0.168718 m3/h
Vel:  0.242086 m/s
UP:770 DN:779 Q=99

11-04-14 14:24:41
SYS: *R
Flow  0.0908181 m3/h
Vel:  0.130311 m/s
UP:779 DN:778 Q=90

11-04-14 14:24:42
SYS: *R
Flow  0.341783 m3/h
Vel:  0.49041 m/s
UP:776 DN:779 Q=84

11-04-14 14:24:43
SYS: *R
Flow  0.220859 m3/h
Vel:  0.3169 m/s
UP:776 DN:777 Q=62

11-04-14 14:24:44
SYS: *R
Flow  0.609398 m3/h
Vel:  0.874399 m/s
UP:775 DN:778 Q=80

11-04-14 14:24:45
SYS: *R
Flow  0.448453 m3/h
Vel:  0.643465 m/s
UP:772 DN:776 Q=74

11-04-14 14:24:46
SYS: *R
Flow  0.301193 m3/h
Vel:  0.432169 m/s
UP:780 DN:781 Q=74

11-04-14 14:24:47
SYS: *R
Flow  0.330067 m3/h
Vel:  0.473599 m/s
UP:785 DN:784 Q=81

11-04-14 14:24:48
SYS: *R
Flow  0.575061 m3/h
Vel:  0.82513 m/s
UP:784 DN:783 Q=89

11-04-14 14:24:49
SYS: *R
Flow  0.47656 m3/h
Vel:  0.683795 m/s
UP:782 DN:782 Q=89

11-04-14 14:24:50
SYS: *R
Flow  0.0588855 m3/h
Vel:  0.0844923 m/s
UP:782 DN:782 Q=89

11-04-14 14:24:51
SYS: *R
Flow  0.163051 m3/h
Vel:  0.233955 m/s
UP:783 DN:783 Q=93

11-04-14 14:24:52
SYS: *R
Flow  0.0612768 m3/h
Vel:  0.0879234 m/s
UP:784 DN:783 Q=93

11-04-14 14:24:53
SYS: *R
Flow  0.04185 m3/h
Vel:  0.0600488 m/s
UP:782 DN:782 Q=91

11-04-14 14:24:54
SYS: *R
Flow  0 m3/h
Vel:  0 m/s
UP:784 DN:784 Q=95

11-04-14 14:24:55
SYS: *R
Flow  0.253689 m3/h
Vel:  0.364007 m/s
UP:785 DN:785 Q=94

11-04-14 14:24:56
SYS: *R
Flow -0.0501002 m3/h
Vel: -0.0718866 m/s
UP:785 DN:785 Q=92

11-04-14 14:24:57
SYS: *R
Flow  0.251022 m3/h
Vel:  0.360181 m/s
UP:785 DN:785 Q=94

11-04-14 14:24:58
SYS: *R
Flow -0.0698053 m3/h
Vel: -0.100161 m/s
UP:785 DN:784 Q=94

11-04-14 14:24:59
SYS: *R
Flow  0.173997 m3/h
Vel:  0.24966 m/s
UP:781 DN:783 Q=96

11-04-14 14:25:00
SYS: *R
Flow -0.19001 m3/h
Vel: -0.272638 m/s
UP:781 DN:781 Q=78

11-04-14 14:25:01
SYS: *R
Flow  0.187872 m3/h
Vel:  0.26957 m/s
UP:780 DN:780 Q=90

11-04-14 14:25:02
SYS: *R
Flow -0.128497 m3/h
Vel: -0.184374 m/s
UP:780 DN:780 Q=92

11-04-14 14:25:03
SYS: *R
Flow -0.0375852 m3/h
Vel: -0.0539294 m/s
UP:780 DN:779 Q=91

11-04-14 14:25:04
SYS: *R
Flow -0.0260306 m3/h
Vel: -0.0373502 m/s
UP:780 DN:779 Q=94

11-04-14 14:25:05
SYS: *R
Flow  0.197996 m3/h
Vel:  0.284096 m/s
UP:779 DN:779 Q=94

11-04-14 14:25:06
SYS: *R
Flow  0.0944143 m3/h
Vel:  0.135471 m/s
UP:779 DN:779 Q=95

11-04-14 14:25:07
SYS: *R
Flow  0.177378 m3/h
Vel:  0.254513 m/s
UP:779 DN:779 Q=93

11-04-14 14:25:08
SYS: *R
Flow  0.189911 m3/h
Vel:  0.272495 m/s
UP:770 DN:778 Q=93

11-04-14 14:25:09
SYS: *R
Flow  0.309649 m3/h
Vel:  0.444302 m/s
UP:779 DN:779 Q=91

11-04-14 14:25:10
SYS: *R
Flow  0.161282 m3/h
Vel:  0.231416 m/s
UP:779 DN:778 Q=93

11-04-14 14:25:11
SYS: *R
Flow  0.0383356 m3/h
Vel:  0.0550061 m/s
UP:779 DN:778 Q=95

11-04-14 14:25:12
SYS: *R
Flow  0.0782684 m3/h
Vel:  0.112304 m/s
UP:778 DN:778 Q=95

11-04-14 14:25:13
SYS: *R
Flow  0.181736 m3/h
Vel:  0.260766 m/s
UP:779 DN:777 Q=92

11-04-14 14:25:14
SYS: *R
Flow  0.0448612 m3/h
Vel:  0.0643693 m/s
UP:778 DN:777 Q=94

11-04-14 14:25:15
SYS: *R
Flow  0.11411 m3/h
Vel:  0.163732 m/s
UP:778 DN:779 Q=92

11-04-14 14:25:16
SYS: *R
Flow  0.0673043 m3/h
Vel:  0.0965721 m/s
UP:778 DN:778 Q=92

11-04-14 14:25:17
SYS: *R
Flow  0.221366 m3/h
Vel:  0.317629 m/s
UP:778 DN:777 Q=94

11-04-14 14:25:18
SYS: *R
Flow -0.0520902 m3/h
Vel: -0.074742 m/s
UP:779 DN:778 Q=96

11-04-14 14:25:19
SYS: *R
Flow  0.340105 m3/h
Vel:  0.488001 m/s
UP:778 DN:778 Q=92

11-04-14 14:25:20
SYS: *R
Flow -0.0209606 m3/h
Vel: -0.0300755 m/s
UP:777 DN:777 Q=92

11-04-14 14:25:21
SYS: *R
Flow  0.187212 m3/h
Vel:  0.268623 m/s
UP:778 DN:777 Q=96

11-04-14 14:25:22
SYS: *R
Flow  0 m3/h
Vel:  0 m/s
UP:778 DN:777 Q=99

11-04-14 14:25:23
SYS: *R
Flow  0 m3/h
Vel:  0 m/s
UP:778 DN:777 Q=90

11-04-14 14:25:24
SYS: *R
Flow  0.266236 m3/h
Vel:  0.38201 m/s
UP:777 DN:777 Q=94

11-04-14 14:25:25
SYS: *R
Flow -0.0600176 m3/h
Vel: -0.0861167 m/s
UP:776 DN:776 Q=90

11-04-14 14:25:26
SYS: *R
Flow  0.189852 m3/h
Vel:  0.272411 m/s
UP:777 DN:776 Q=93

11-04-14 14:25:27
SYS: *R
Flow -0.0317922 m3/h
Vel: -0.0456172 m/s
UP:777 DN:776 Q=94

11-04-14 14:25:28
SYS: *R
Flow  0.0903658 m3/h
Vel:  0.129662 m/s
UP:778 DN:777 Q=93

11-04-14 14:25:29
SYS: *R
Flow  0.0904191 m3/h
Vel:  0.129739 m/s
UP:777 DN:777 Q=93

11-04-14 14:25:30
SYS: *R
Flow  0 m3/h
Vel:  0 m/s
UP:777 DN:776 Q=93

11-04-14 14:25:31
SYS: *R
Flow  0.0469869 m3/h
Vel:  0.0674195 m/s
UP:777 DN:777 Q=93

11-04-14 14:25:32
SYS: *R
Flow  0.0448332 m3/h
Vel:  0.0643293 m/s
UP:777 DN:777 Q=95

11-04-14 14:25:33
SYS: *R
Flow  0 m3/h
Vel:  0 m/s
UP:777 DN:776 Q=95

11-04-14 14:25:34
SYS: *R
Flow  0.0716058 m3/h
Vel:  0.102744 m/s
UP:777 DN:776 Q=97

11-04-14 14:25:35
SYS: *R
Flow  0.0723091 m3/h
Vel:  0.103753 m/s
UP:777 DN:776 Q=93

11-04-14 14:25:36
SYS: *R
Flow  0.0838016 m3/h
Vel:  0.120243 m/s
UP:776 DN:776 Q=93

11-04-14 14:25:37
SYS: *R
Flow  0.133437 m3/h
Vel:  0.191463 m/s
UP:777 DN:776 Q=93

11-04-14 14:25:38
SYS: *R
Flow  0.0664919 m3/h
Vel:  0.0954063 m/s
UP:776 DN:776 Q=99

11-04-14 14:25:39
SYS: *R
Flow  0 m3/h
Vel:  0 m/s
UP:777 DN:776 Q=96

11-04-14 14:25:40
SYS: *R
Flow  0.0455367 m3/h
Vel:  0.0653386 m/s
UP:776 DN:776 Q=94

11-04-14 14:25:41
SYS: *R
Flow  0.173771 m3/h
Vel:  0.249336 m/s
UP:776 DN:776 Q=94

11-04-14 14:25:42
SYS: *R
Flow  0.0527531 m3/h
Vel:  0.0756931 m/s
UP:776 DN:775 Q=96

11-04-14 14:25:43
SYS: *R
Flow  0.227472 m3/h
Vel:  0.326389 m/s
UP:776 DN:775 Q=94

11-04-14 14:25:44
SYS: *R
Flow  0.134548 m3/h
Vel:  0.193058 m/s
UP:776 DN:775 Q=92

11-04-14 14:25:45
SYS: *R
Flow  0 m3/h
Vel:  0 m/s
UP:776 DN:776 Q=92

11-04-14 14:25:46
SYS: *R
Flow  0.0274697 m3/h
Vel:  0.0394151 m/s
UP:776 DN:776 Q=93

11-04-14 14:25:47
SYS: *R
Flow  0.0245814 m3/h
Vel:  0.0352708 m/s
UP:775 DN:776 Q=93

11-04-14 14:25:48
SYS: *R
Flow  0.0231449 m3/h
Vel:  0.0332096 m/s
UP:777 DN:776 Q=93

11-04-14 14:25:49
SYS: *R
Flow  0.0885553 m3/h
Vel:  0.127064 m/s
UP:776 DN:775 Q=97

11-04-14 14:25:50
SYS: *R
Flow  0 m3/h
Vel:  0 m/s
UP:775 DN:774 Q=93

11-04-14 14:25:51
SYS: *R
Flow  0.060693 m3/h
Vel:  0.0870858 m/s
UP:777 DN:776 Q=93

11-04-14 14:25:52
SYS: *R
Flow  0.031813 m3/h
Vel:  0.0456471 m/s
UP:777 DN:776 Q=95

11-04-14 14:25:53
SYS: *R
Flow  0.107583 m3/h
Vel:  0.154367 m/s
UP:776 DN:775 Q=94

11-04-14 14:25:54
SYS: *R
Flow  0.0404783 m3/h
Vel:  0.0580806 m/s
UP:776 DN:775 Q=92

11-04-14 14:25:55
SYS: *R
Flow  0.0361273 m3/h
Vel:  0.0518375 m/s
UP:777 DN:776 Q=96

11-04-14 14:25:56
SYS: *R
Flow  0.104411 m3/h
Vel:  0.149814 m/s
UP:776 DN:776 Q=90

11-04-14 14:25:57
SYS: *R
Flow  0.198855 m3/h
Vel:  0.285328 m/s
UP:776 DN:775 Q=94

11-04-14 14:25:58
SYS: *R
Flow  0 m3/h
Vel:  0 m/s
UP:777 DN:776 Q=94

11-04-14 14:25:59
SYS: *R
Flow -0.0894082 m3/h
Vel: -0.128288 m/s
UP:776 DN:775 Q=96

11-04-14 14:26:00
SYS: *R
Flow -0.0346805 m3/h
Vel: -0.0497616 m/s
UP:776 DN:776 Q=92

11-04-14 14:26:01
SYS: *R
Flow  0.0701596 m3/h
Vel:  0.100669 m/s
UP:776 DN:775 Q=92

11-04-14 14:26:02
SYS: *R
Flow  0.0260355 m3/h
Vel:  0.0373572 m/s
UP:776 DN:775 Q=95

11-04-14 14:26:03
SYS: *R
Flow  0 m3/h
Vel:  0 m/s
UP:776 DN:776 Q=91

11-04-14 14:26:04
SYS: *R
Flow  0.2104 m3/h
Vel:  0.301894 m/s
UP:776 DN:775 Q=91

11-04-14 14:26:05
SYS: *R
Flow -0.0318105 m3/h
Vel: -0.0456435 m/s
UP:776 DN:775 Q=93

11-04-14 14:26:06
SYS: *R
Flow -0.0923021 m3/h
Vel: -0.13244 m/s
UP:775 DN:775 Q=93

11-04-14 14:26:07
SYS: *R
Flow  0.158744 m3/h
Vel:  0.227774 m/s
UP:775 DN:775 Q=95

11-04-14 14:26:08
SYS: *R
Flow  0.219577 m3/h
Vel:  0.315062 m/s
UP:776 DN:775 Q=93

11-04-14 14:26:09
SYS: *R
Flow  0 m3/h
Vel:  0 m/s
UP:776 DN:776 Q=91

11-04-14 14:26:10
SYS: *R
Flow  0.027491 m3/h
Vel:  0.0394456 m/s
UP:775 DN:775 Q=92

11-04-14 14:26:11
SYS: *R
Flow  0.0585898 m3/h
Vel:  0.084068 m/s
UP:775 DN:774 Q=94

11-04-14 14:26:12
SYS: *R
Flow  0 m3/h
Vel:  0 m/s
UP:775 DN:774 Q=92

11-04-14 14:26:13
SYS: *R
Flow  0.180124 m3/h
Vel:  0.258452 m/s
UP:775 DN:775 Q=96

11-04-14 14:26:14
SYS: *R
Flow  0.0441205 m3/h
Vel:  0.0633066 m/s
UP:775 DN:774 Q=90

11-04-14 14:26:15
SYS: *R
Flow -0.0614925 m3/h
Vel: -0.0882329 m/s
UP:774 DN:773 Q=96

11-04-14 14:26:16
SYS: *R
Flow -0.714045 m3/h
Vel: -1.02455 m/s
UP:774 DN:773 Q=90

11-04-14 14:26:17
SYS: *R
Flow -0.69845 m3/h
Vel: -1.00218 m/s
UP:774 DN:773 Q=94

11-04-14 14:26:18
SYS: *R
Flow -0.721226 m3/h
Vel: -1.03486 m/s
UP:774 DN:773 Q=95

11-04-14 14:26:19
SYS: *R
Flow -0.52416 m3/h
Vel: -0.752095 m/s
UP:774 DN:773 Q=97

11-04-14 14:26:20
SYS: *R
Flow -0.628227 m3/h
Vel: -0.901416 m/s
UP:774 DN:773 Q=95

11-04-14 14:26:21
SYS: *R
Flow -0.669917 m3/h
Vel: -0.961234 m/s
UP:774 DN:773 Q=97

11-04-14 14:26:22
SYS: *R
Flow -0.578754 m3/h
Vel: -0.830429 m/s
UP:774 DN:773 Q=91

11-04-14 14:26:23
SYS: *R
Flow -0.778944 m3/h
Vel: -1.11767 m/s
UP:774 DN:773 Q=93

11-04-14 14:26:24
SYS: *R
Flow -0.615068 m3/h
Vel: -0.882535 m/s
UP:773 DN:773 Q=93

11-04-14 14:26:25
SYS: *R
Flow -0.867262 m3/h
Vel: -1.2444 m/s
UP:774 DN:773 Q=95

11-04-14 14:26:26
SYS: *R
Flow -0.66484 m3/h
Vel: -0.95395 m/s
UP:774 DN:773 Q=92

11-04-14 14:26:27
SYS: *R
Flow -0.666857 m3/h
Vel: -0.956844 m/s
UP:774 DN:773 Q=92

11-04-14 14:26:28
SYS: *R
Flow -0.810939 m3/h
Vel: -1.16358 m/s
UP:774 DN:773 Q=96

11-04-14 14:26:29
SYS: *R
Flow -0.615879 m3/h
Vel: -0.883698 m/s
UP:774 DN:772 Q=94

11-04-14 14:26:30
SYS: *R
Flow -0.683136 m3/h
Vel: -0.980202 m/s
UP:773 DN:772 Q=90

11-04-14 14:26:31
SYS: *R
Flow -0.729227 m3/h
Vel: -1.04634 m/s
UP:773 DN:773 Q=92

11-04-14 14:26:32
SYS: *R
Flow -0.672059 m3/h
Vel: -0.964309 m/s
UP:774 DN:773 Q=91

11-04-14 14:26:33
SYS: *R
Flow -0.549383 m3/h
Vel: -0.788286 m/s
UP:774 DN:773 Q=91

11-04-14 14:26:34
SYS: *R
Flow -0.786578 m3/h
Vel: -1.12863 m/s
UP:774 DN:773 Q=93

11-04-14 14:26:35
SYS: *R
Flow -0.812762 m3/h
Vel: -1.1662 m/s
UP:774 DN:773 Q=89

11-04-14 14:26:36
SYS: *R
Flow -0.406877 m3/h
Vel: -0.58381 m/s
UP:774 DN:773 Q=93

11-04-14 14:26:37
SYS: *R
Flow -0.759962 m3/h
Vel: -1.09044 m/s
UP:774 DN:773 Q=95

11-04-14 14:26:38
SYS: *R
Flow -0.533882 m3/h
Vel: -0.766044 m/s
UP:774 DN:773 Q=96

11-04-14 14:26:39
SYS: *R
Flow -0.619545 m3/h
Vel: -0.888958 m/s
UP:774 DN:773 Q=92

11-04-14 14:26:40
SYS: *R
Flow -0.641719 m3/h
Vel: -0.920775 m/s
UP:773 DN:773 Q=96

11-04-14 14:26:41
SYS: *R
Flow -0.687276 m3/h
Vel: -0.986143 m/s
UP:774 DN:773 Q=96

11-04-14 14:26:42
SYS: *R
Flow -0.592079 m3/h
Vel: -0.849548 m/s
UP:773 DN:773 Q=92

11-04-14 14:26:43
SYS: *R
Flow -0.38811 m3/h
Vel: -0.556882 m/s
UP:774 DN:773 Q=96

11-04-14 14:26:44
SYS: *R
Flow -0.656375 m3/h
Vel: -0.941803 m/s
UP:774 DN:773 Q=93

11-04-14 14:26:45
SYS: *R
Flow -0.66661 m3/h
Vel: -0.956489 m/s
UP:773 DN:772 Q=93

11-04-14 14:26:46
SYS: *R
Flow -0.67557 m3/h
Vel: -0.969347 m/s
UP:774 DN:773 Q=95

11-04-14 14:26:47
SYS: *R
Flow -0.744628 m3/h
Vel: -1.06844 m/s
UP:778 DN:777 Q=95

11-04-14 14:26:48
SYS: *H
Flow -0.620087 m3/h
Vel: -0.889736 m/s
UP:772 DN:775 Q=03

11-04-14 14:26:49
SYS: *R
Flow -1.29031 m3/h
Vel: -1.85141 m/s
UP:766 DN:773 Q=01

11-04-14 14:26:50
SYS: *H
Flow -1.29031 m3/h
Vel: -1.85141 m/s
UP:760 DN:771 Q=01

11-04-14 14:26:51
SYS: *H
Flow -1.29031 m3/h
Vel: -1.85141 m/s
UP:755 DN:760 Q=01

11-04-14 14:26:52
SYS: *R
Flow -9.42889 m3/h
Vel: -13.5291 m/s
UP:376 DN:429 Q=99

11-04-14 14:26:53
SYS: *I
Flow  0 m3/h
Vel:  0 m/s
UP:000 DN:000 Q=00

11-04-14 14:26:54
SYS: *I
Flow  0 m3/h
Vel:  0 m/s
UP:000 DN:000 Q=00

11-04-14 14:26:55
SYS: *I
Flow  0 m3/h
Vel:  0 m/s
UP:000 DN:000 Q=00

11-04-14 14:26:56
SYS: *I
Flow  0 m3/h
Vel:  0 m/s
UP:000 DN:000 Q=00

11-04-14 14:26:57
SYS: *G
Flow  0 m3/h
Vel:  0 m/s
UP:000 DN:000 Q=00

11-04-14 14:26:58
SYS: *I
Flow  0 m3/h
Vel:  0 m/s
UP:000 DN:000 Q=00

11-04-14 14:26:59
SYS: *I
Flow  0 m3/h
Vel:  0 m/s
UP:000 DN:000 Q=00

11-04-14 14:27:00
SYS: *I
Flow  0 m3/h
Vel:  0 m/s
UP:000 DN:000 Q=00

11-04-14 14:27:01
SYS: *I
Flow  0 m3/h
Vel:  0 m/s
UP:000 DN:000 Q=00

11-04-14 14:27:02
SYS: *I
Flow  0 m3/h
Vel:  0 m/s
UP:000 DN:000 Q=00

11-04-14 14:27:03
SYS: *I
Flow  0 m3/h
Vel:  0 m/s
UP:000 DN:000 Q=00

11-04-14 14:27:04
SYS: *I
Flow  0 m3/h
Vel:  0 m/s
UP:000 DN:000 Q=00

11-04-14 14:27:05
SYS: *I
Flow  0 m3/h
Vel:  0 m/s
UP:000 DN:000 Q=00

11-04-14 14:27:06
SYS: *I
Flow  0 m3/h
Vel:  0 m/s
UP:000 DN:000 Q=00

11-04-14 14:27:07
SYS: *I
Flow  0 m3/h
Vel:  0 m/s
UP:000 DN:000 Q=00

11-04-14 14:27:08
SYS: *I
Flow  0 m3/h
Vel:  0 m/s
UP:000 DN:000 Q=00

11-04-14 14:27:09
SYS: *I
Flow  0 m3/h
Vel:  0 m/s
UP:000 DN:000 Q=00

11-04-14 14:27:10
SYS: *I
Flow  0 m3/h
Vel:  0 m/s
UP:000 DN:000 Q=00

11-04-14 14:27:11
SYS: *I
Flow  0 m3/h
Vel:  0 m/s
UP:000 DN:000 Q=00

11-04-14 14:27:12
SYS: *I
Flow  0 m3/h
Vel:  0 m/s
UP:193 DN:079 Q=00

11-04-14 14:27:13
SYS: *G
Flow  0 m3/h
Vel:  0 m/s
UP:531 DN:520 Q=00

11-04-14 14:27:14
SYS: *G
Flow  0 m3/h
Vel:  0 m/s
UP:533 DN:527 Q=00

11-04-14 14:27:15
SYS: *G
Flow  0 m3/h
Vel:  0 m/s
UP:532 DN:530 Q=00

11-04-14 14:27:16
SYS: *G
Flow  0 m3/h
Vel:  0 m/s
UP:533 DN:534 Q=00

11-04-14 14:27:17
SYS: *R
Flow  1.95046 m3/h
Vel:  2.79862 m/s
UP:533 DN:537 Q=69

11-04-14 14:27:18
SYS: *R
Flow -20.756 m3/h
Vel: -29.7819 m/s
UP:540 DN:546 Q=41

11-04-14 14:27:19
SYS: *R
Flow -2.3535 m3/h
Vel: -3.37694 m/s
UP:547 DN:556 Q=87

11-04-14 14:27:20
SYS: *R
Flow -1.25265 m3/h
Vel: -1.79738 m/s
UP:554 DN:565 Q=81

11-04-14 14:27:21
SYS: *R
Flow  4.84854 m3/h
Vel:  6.95696 m/s
UP:561 DN:573 Q=58

11-04-14 14:27:22
SYS: *R
Flow  6.16428 m3/h
Vel:  8.84485 m/s
UP:556 DN:570 Q=56

11-04-14 14:27:23
SYS: *R
Flow -7.03365 m3/h
Vel: -10.0923 m/s
UP:550 DN:568 Q=70

11-04-14 14:27:24
SYS: *R
Flow -7.09052 m3/h
Vel: -10.1739 m/s
UP:544 DN:566 Q=72

11-04-14 14:27:25
SYS: *R
Flow -5.59443 m3/h
Vel: -8.02721 m/s
UP:538 DN:564 Q=64

11-04-14 14:27:26
SYS: *R
Flow -8.00937 m3/h
Vel:  0 m/s
UP:446 DN:478 Q=00

11-04-14 14:27:27
SYS: *G
Flow  0 m3/h
Vel:  0 m/s
UP:459 DN:483 Q=00

11-04-14 14:27:28
SYS: *G
Flow  0 m3/h
Vel:  0 m/s
UP:471 DN:496 Q=00

11-04-14 14:27:29
SYS: *G
Flow  0 m3/h
Vel:  0 m/s
UP:479 DN:508 Q=00

11-04-14 14:27:30
SYS: *R
Flow -1.68303 m3/h
Vel: -2.41491 m/s
UP:487 DN:518 Q=51

11-04-14 14:27:31
SYS: *H
Flow  7.24554 m3/h
Vel:  10.3963 m/s
UP:508 DN:530 Q=01

11-04-14 14:27:32
SYS: *G
Flow  0 m3/h
Vel:  0 m/s
UP:553 DN:561 Q=00

11-04-14 14:27:33
SYS: *G
Flow  0 m3/h
Vel:  0 m/s
UP:548 DN:551 Q=00

11-04-14 14:27:34
SYS: *G
Flow  0 m3/h
Vel:  0 m/s
UP:547 DN:554 Q=00

11-04-14 14:27:35
SYS: *G
Flow  0 m3/h
Vel:  0 m/s
UP:548 DN:554 Q=00

11-04-14 14:27:36
SYS: *R
Flow  0.0634805 m3/h
Vel:  0.0910855 m/s
UP:548 DN:554 Q=50

11-04-14 14:27:37
SYS: *R
Flow -1.86779 m3/h
Vel: -2.68001 m/s
UP:547 DN:554 Q=50

11-04-14 14:27:38
SYS: *R
Flow -0.310805 m3/h
Vel: -0.44596 m/s
UP:546 DN:554 Q=50

11-04-14 14:27:39
SYS: *R
Flow -0.22486 m3/h
Vel: -0.322641 m/s
UP:551 DN:561 Q=64

11-04-14 14:27:40
SYS: *R
Flow  3.71316 m3/h
Vel:  5.32785 m/s
UP:559 DN:572 Q=50

11-04-14 14:27:41
SYS: *R
Flow  1.84505 m3/h
Vel:  2.64738 m/s
UP:567 DN:582 Q=52

11-04-14 14:27:42
SYS: *R
Flow  2.17635 m3/h
Vel:  3.12275 m/s
UP:575 DN:592 Q=42

11-04-14 14:27:43
SYS: *R
Flow  2.48509 m3/h
Vel:  3.56575 m/s
UP:610 DN:607 Q=42

11-04-14 14:27:44
SYS: *G
Flow  0 m3/h
Vel:  0 m/s
UP:606 DN:608 Q=00

11-04-14 14:27:45
SYS: *G
Flow  0 m3/h
Vel:  0 m/s
UP:605 DN:603 Q=00

11-04-14 14:27:46
SYS: *G
Flow  0 m3/h
Vel:  0 m/s
UP:604 DN:605 Q=00

11-04-14 14:27:47
SYS: *H
Flow  0 m3/h
Vel:  0 m/s
UP:598 DN:603 Q=01

11-04-14 14:27:48
SYS: *H
Flow  0 m3/h
Vel:  0 m/s
UP:593 DN:602 Q=03

11-04-14 14:27:49
SYS: *H
Flow  0 m3/h
Vel:  0 m/s
UP:587 DN:500 Q=01

11-04-14 14:27:50
SYS: *H
Flow  0 m3/h
Vel:  0 m/s
UP:548 DN:567 Q=01

11-04-14 14:27:51
SYS: *G
Flow  0 m3/h
Vel:  0 m/s
UP:491 DN:498 Q=00

11-04-14 14:27:52
SYS: *G
Flow  0 m3/h
Vel:  0 m/s
UP:506 DN:513 Q=00

11-04-14 14:27:53
SYS: *G
Flow  0 m3/h
Vel:  0 m/s
UP:510 DN:518 Q=00

11-04-14 14:27:54
SYS: *G
Flow  0 m3/h
Vel:  0 m/s
UP:518 DN:528 Q=01

11-04-14 14:27:55
SYS: *R
Flow  0.0367501 m3/h
Vel:  0.0527311 m/s
UP:526 DN:539 Q=44

11-04-14 14:27:56
SYS: *R
Flow  0.902701 m3/h
Vel:  1.29525 m/s
UP:534 DN:549 Q=46

11-04-14 14:27:57
SYS: *R
Flow  0.193585 m3/h
Vel:  0.277766 m/s
UP:540 DN:557 Q=43

11-04-14 14:27:58
SYS: *R
Flow  0.327929 m3/h
Vel:  0.470531 m/s
UP:548 DN:567 Q=65

11-04-14 14:27:59
SYS: *R
Flow  4.96378 m3/h
Vel:  7.12231 m/s
UP:556 DN:578 Q=63

11-04-14 14:28:00
SYS: *R
Flow  6.38506 m3/h
Vel:  9.16165 m/s
UP:564 DN:588 Q=65

11-04-14 14:28:01
SYS: *R
Flow -1.08095 m3/h
Vel: -1.551 m/s
UP:572 DN:598 Q=57

11-04-14 14:28:02
SYS: *G
Flow  0 m3/h
Vel:  0 m/s
UP:618 DN:617 Q=00

11-04-14 14:28:03
SYS: *G
Flow  0 m3/h
Vel:  0 m/s
UP:615 DN:615 Q=00

11-04-14 14:28:04
SYS: *G
Flow  0 m3/h
Vel:  0 m/s
UP:617 DN:619 Q=00

11-04-14 14:28:05
SYS: *G
Flow  0 m3/h
Vel:  0 m/s
UP:612 DN:617 Q=00

11-04-14 14:28:06
SYS: *R
Flow  0.129382 m3/h
Vel:  0.185644 m/s
UP:606 DN:615 Q=64

11-04-14 14:28:07
SYS: *R
Flow -0.381937 m3/h
Vel: -0.548026 m/s
UP:500 DN:613 Q=58

11-04-14 14:28:08
SYS: *H
Flow -2.74547 m3/h
Vel: -3.93935 m/s
UP:595 DN:611 Q=01

11-04-14 14:28:09
SYS: *G
Flow  0 m3/h
Vel:  0 m/s
UP:586 DN:580 Q=00

11-04-14 14:28:10
SYS: *G
Flow  0 m3/h
Vel:  0 m/s
UP:577 DN:574 Q=00

11-04-14 14:28:11
SYS: *G
Flow  0 m3/h
Vel:  0 m/s
UP:571 DN:572 Q=00

11-04-14 14:28:12
SYS: *G
Flow  0 m3/h
Vel:  0 m/s
UP:566 DN:570 Q=00

11-04-14 14:28:13
SYS: *R
Flow -2.71028 m3/h
Vel: -3.88886 m/s
UP:561 DN:568 Q=60

11-04-14 14:28:14
SYS: *R
Flow -0.222857 m3/h
Vel: -0.319768 m/s
UP:564 DN:568 Q=53

11-04-14 14:28:15
SYS: *R
Flow -0.218496 m3/h
Vel: -0.313511 m/s
UP:561 DN:566 Q=56

11-04-14 14:28:16
SYS: *R
Flow -0.284397 m3/h
Vel: -0.408069 m/s
UP:556 DN:564 Q=56

11-04-14 14:28:17
SYS: *R
Flow -0.179538 m3/h
Vel: -0.257611 m/s
UP:554 DN:562 Q=51

11-04-14 14:28:18
SYS: *R
Flow  0.320098 m3/h
Vel:  0.459295 m/s
UP:552 DN:560 Q=53

11-04-14 14:28:19
SYS: *G
Flow  0 m3/h
Vel:  0 m/s
UP:553 DN:553 Q=00

11-04-14 14:28:20
SYS: *G
Flow  0 m3/h
Vel:  0 m/s
UP:552 DN:552 Q=00

11-04-14 14:28:21
SYS: *G
Flow  0 m3/h
Vel:  0 m/s
UP:553 DN:552 Q=00

11-04-14 14:28:22
SYS: *G
Flow  0.0605877 m3/h
Vel:  0.0869346 m/s
UP:554 DN:551 Q=54

11-04-14 14:28:23
SYS: *R
Flow -0.628506 m3/h
Vel: -0.901817 m/s
UP:552 DN:552 Q=57

11-04-14 14:28:24
SYS: *R
Flow -0.509504 m3/h
Vel: -0.731066 m/s
UP:552 DN:552 Q=51

11-04-14 14:28:25
SYS: *R
Flow -1.546 m3/h
Vel: -2.21829 m/s
UP:551 DN:551 Q=56

11-04-14 14:28:26
SYS: *R
Flow -1.35375 m3/h
Vel: -1.94244 m/s
UP:550 DN:552 Q=60

11-04-14 14:28:27
SYS: *R
Flow -1.88708 m3/h
Vel: -2.70769 m/s
UP:549 DN:551 Q=50

11-04-14 14:28:28
SYS: *R
Flow -0.677476 m3/h
Vel: -0.972081 m/s
UP:550 DN:551 Q=57

11-04-14 14:28:29
SYS: *R
Flow  0.312519 m3/h
Vel:  0.44842 m/s
UP:548 DN:550 Q=49

11-04-14 14:28:30
SYS: *R
Flow -0.991811 m3/h
Vel: -1.42311 m/s
UP:549 DN:549 Q=57

11-04-14 14:28:31
SYS: *R
Flow  0 m3/h
Vel:  0 m/s
UP:549 DN:548 Q=56

11-04-14 14:28:32
SYS: *R
Flow -0.868594 m3/h
Vel: -1.24631 m/s
UP:550 DN:548 Q=58

11-04-14 14:28:33
SYS: *R
Flow -0.647704 m3/h
Vel: -0.929362 m/s
UP:548 DN:549 Q=52

11-04-14 14:28:34
SYS: *R
Flow -1.84124 m3/h
Vel: -2.64191 m/s
UP:548 DN:548 Q=61

11-04-14 14:28:35
SYS: *R
Flow  0.767544 m3/h
Vel:  1.10132 m/s
UP:546 DN:547 Q=53

11-04-14 14:28:36
SYS: *R
Flow -1.55228 m3/h
Vel: -2.2273 m/s
UP:547 DN:546 Q=56

11-04-14 14:28:37
SYS: *R
Flow -0.999531 m3/h
Vel: -1.43418 m/s
UP:545 DN:545 Q=58

11-04-14 14:28:38
SYS: *R
Flow  0.324006 m3/h
Vel:  0.464903 m/s
UP:544 DN:545 Q=60

11-04-14 14:28:39
SYS: *R
Flow -0.520476 m3/h
Vel: -0.746808 m/s
UP:543 DN:544 Q=53

11-04-14 14:28:40
SYS: *R
Flow -2.21721 m3/h
Vel: -3.18137 m/s
UP:543 DN:544 Q=63

11-04-14 14:28:41
SYS: *R
Flow  0.168065 m3/h
Vel:  0.241149 m/s
UP:542 DN:544 Q=50

11-04-14 14:28:42
SYS: *R
Flow  0.696695 m3/h
Vel:  0.999658 m/s
UP:541 DN:542 Q=60

11-04-14 14:28:43
SYS: *R
Flow -0.387061 m3/h
Vel: -0.555377 m/s
UP:542 DN:541 Q=54

11-04-14 14:28:44
SYS: *R
Flow -1.24311 m3/h
Vel: -1.78369 m/s
UP:541 DN:541 Q=55

11-04-14 14:28:45
SYS: *R
Flow -0.784376 m3/h
Vel: -1.12547 m/s
UP:541 DN:540 Q=57

11-04-14 14:28:46
SYS: *R
Flow -0.802989 m3/h
Vel: -1.15218 m/s
UP:539 DN:541 Q=56

11-04-14 14:28:47
SYS: *R
Flow -0.950444 m3/h
Vel: -1.36375 m/s
UP:540 DN:539 Q=54

11-04-14 14:28:48
SYS: *R
Flow -0.178171 m3/h
Vel: -0.25565 m/s
UP:538 DN:539 Q=56

11-04-14 14:28:49
SYS: *R
Flow -0.467401 m3/h
Vel: -0.670654 m/s
UP:539 DN:539 Q=53

11-04-14 14:28:50
SYS: *R
Flow -0.48528 m3/h
Vel: -0.696307 m/s
UP:537 DN:538 Q=53

11-04-14 14:28:51
SYS: *R
Flow -0.323538 m3/h
Vel: -0.464231 m/s
UP:536 DN:536 Q=58

11-04-14 14:28:52
SYS: *R
Flow -0.788758 m3/h
Vel: -1.13176 m/s
UP:536 DN:537 Q=56

11-04-14 14:28:53
SYS: *R
Flow -0.356473 m3/h
Vel: -0.511488 m/s
UP:535 DN:536 Q=56

11-04-14 14:28:54
SYS: *R
Flow -1.99721 m3/h
Vel: -2.86571 m/s
UP:534 DN:535 Q=53

11-04-14 14:28:55
SYS: *R
Flow -1.4815 m3/h
Vel: -2.12574 m/s
UP:535 DN:534 Q=51

11-04-14 14:28:56
SYS: *R
Flow -1.2753 m3/h
Vel: -1.82987 m/s
UP:532 DN:533 Q=54

11-04-14 14:28:57
SYS: *R
Flow -1.61848 m3/h
Vel: -2.32229 m/s
UP:530 DN:532 Q=56

11-04-14 14:28:58
SYS: *R
Flow -0.982306 m3/h
Vel: -1.40947 m/s
UP:530 DN:531 Q=50

11-04-14 14:28:59
SYS: *R
Flow -0.867506 m3/h
Vel: -1.24475 m/s
UP:531 DN:532 Q=47

11-04-14 14:29:00
SYS: *R
Flow -1.82516 m3/h
Vel: -2.61884 m/s
UP:531 DN:531 Q=61

11-04-14 14:29:01
SYS: *R
Flow -0.58935 m3/h
Vel: -0.845632 m/s
UP:530 DN:531 Q=54

11-04-14 14:29:02
SYS: *R
Flow  0.298728 m3/h
Vel:  0.428631 m/s
UP:528 DN:530 Q=56

11-04-14 14:29:03
SYS: *R
Flow -0.58726 m3/h
Vel: -0.842634 m/s
UP:527 DN:528 Q=56

11-04-14 14:29:04
SYS: *R
Flow -0.542476 m3/h
Vel: -0.778375 m/s
UP:527 DN:528 Q=49

11-04-14 14:29:05
SYS: *R
Flow -1.14548 m3/h
Vel: -1.64359 m/s
UP:525 DN:526 Q=63

11-04-14 14:29:06
SYS: *R
Flow -0.43418 m3/h
Vel: -0.622987 m/s
UP:525 DN:525 Q=61

11-04-14 14:29:07
SYS: *R
Flow -1.5643 m3/h
Vel: -2.24454 m/s
UP:524 DN:524 Q=48

11-04-14 14:29:08
SYS: *R
Flow -1.07023 m3/h
Vel: -1.53563 m/s
UP:523 DN:523 Q=52

11-04-14 14:29:09
SYS: *R
Flow -1.26206 m3/h
Vel: -1.81088 m/s
UP:522 DN:524 Q=59

11-04-14 14:29:10
SYS: *R
Flow -2.78498 m3/h
Vel: -3.99605 m/s
UP:522 DN:523 Q=59

11-04-14 14:29:11
SYS: *R
Flow -2.01478 m3/h
Vel: -2.89092 m/s
UP:522 DN:521 Q=47

11-04-14 14:29:12
SYS: *R
Flow  1.18711 m3/h
Vel:  1.70333 m/s
UP:520 DN:510 Q=44

11-04-14 14:29:13
SYS: *R
Flow -0.919117 m3/h
Vel: -1.3188 m/s
UP:519 DN:519 Q=56

11-04-14 14:29:14
SYS: *R
Flow -0.261787 m3/h
Vel: -0.375627 m/s
UP:519 DN:518 Q=54

11-04-14 14:29:15
SYS: *R
Flow  0 m3/h
Vel:  0 m/s
UP:519 DN:517 Q=57

11-04-14 14:29:16
SYS: *R
Flow -1.03446 m3/h
Vel: -1.48431 m/s
UP:522 DN:521 Q=51

11-04-14 14:29:17
SYS: *R
Flow -2.92952 m3/h
Vel: -4.20345 m/s
UP:530 DN:531 Q=49

11-04-14 14:29:18
SYS: *R
Flow  0.468246 m3/h
Vel:  0.671866 m/s
UP:538 DN:542 Q=59

11-04-14 14:29:19
SYS: *R
Flow -0.575318 m3/h
Vel: -0.825498 m/s
UP:546 DN:553 Q=59

11-04-14 14:29:20
SYS: *R
Flow  0.445444 m3/h
Vel:  0.639149 m/s
UP:555 DN:564 Q=51

11-04-14 14:29:21
SYS: *G
Flow  0 m3/h
Vel:  0 m/s
UP:620 DN:621 Q=00

11-04-14 14:29:22
SYS: *G
Flow  0 m3/h
Vel:  0 m/s
UP:625 DN:623 Q=00

11-04-14 14:29:23
SYS: *G
Flow  0 m3/h
Vel:  0 m/s
UP:621 DN:621 Q=00

11-04-14 14:29:24
SYS: *G
Flow  0 m3/h
Vel:  0 m/s
UP:615 DN:619 Q=00

11-04-14 14:29:25
SYS: *R
Flow  0.376566 m3/h
Vel:  0.540318 m/s
UP:609 DN:617 Q=56

11-04-14 14:29:26
SYS: *R
Flow  3.5465 m3/h
Vel:  5.08872 m/s
UP:603 DN:615 Q=44

11-04-14 14:29:27
SYS: *R
Flow  5.64122 m3/h
Vel:  8.09435 m/s
UP:595 DN:593 Q=61

11-04-14 14:29:28
SYS: *G
Flow  0 m3/h
Vel:  0 m/s
UP:584 DN:582 Q=00

11-04-14 14:29:29
SYS: *G
Flow  0 m3/h
Vel:  0 m/s
UP:575 DN:578 Q=00

11-04-14 14:29:30
SYS: *G
Flow  0 m3/h
Vel:  0 m/s
UP:570 DN:576 Q=00

11-04-14 14:29:31
SYS: *R
Flow -0.79592 m3/h
Vel: -1.14203 m/s
UP:571 DN:577 Q=38

11-04-14 14:29:32
SYS: *R
Flow  9.9259 m3/h
Vel:  14.2423 m/s
UP:579 DN:589 Q=78

11-04-14 14:29:33
SYS: *R
Flow  2.39184 m3/h
Vel:  3.43195 m/s
UP:588 DN:599 Q=46

11-04-14 14:29:34
SYS: *R
Flow  1.60815 m3/h
Vel:  2.30746 m/s
UP:595 DN:607 Q=52

11-04-14 14:29:35
SYS: *R
Flow  1.39053 m3/h
Vel:  1.99521 m/s
UP:604 DN:614 Q=44

11-04-14 14:29:36
SYS: *G
Flow  0 m3/h
Vel:  0 m/s
UP:622 DN:621 Q=00

11-04-14 14:29:37
SYS: *G
Flow  0 m3/h
Vel:  0 m/s
UP:625 DN:624 Q=00

11-04-14 14:29:38
SYS: *G
Flow  0 m3/h
Vel:  0 m/s
UP:629 DN:627 Q=00

11-04-14 14:29:39
SYS: *G
Flow  0.162948 m3/h
Vel:  0.233807 m/s
UP:627 DN:628 Q=83

11-04-14 14:29:40
SYS: *R
Flow  0.177037 m3/h
Vel:  0.254022 m/s
UP:621 DN:626 Q=80

11-04-14 14:29:41
SYS: *R
Flow  0.217458 m3/h
Vel:  0.312021 m/s
UP:615 DN:624 Q=78

11-04-14 14:29:42
SYS: *R
Flow  7.67674 m3/h
Vel:  11.015 m/s
UP:609 DN:622 Q=68

11-04-14 14:29:43
SYS: *R
Flow  0.246307 m3/h
Vel:  0.353415 m/s
UP:608 DN:603 Q=50

11-04-14 14:29:44
SYS: *G
Flow  0 m3/h
Vel:  0 m/s
UP:608 DN:608 Q=00

11-04-14 14:29:45
SYS: *G
Flow  0 m3/h
Vel:  0 m/s
UP:608 DN:606 Q=00

11-04-14 14:29:46
SYS: *G
Flow  0 m3/h
Vel:  0 m/s
UP:606 DN:606 Q=00

11-04-14 14:29:47
SYS: *R
Flow  0.116033 m3/h
Vel:  0.166491 m/s
UP:609 DN:611 Q=77

11-04-14 14:29:48
SYS: *R
Flow  0.170323 m3/h
Vel:  0.24439 m/s
UP:617 DN:616 Q=84

11-04-14 14:29:49
SYS: *R
Flow  0.076313 m3/h
Vel:  0.109498 m/s
UP:617 DN:617 Q=78

11-04-14 14:29:50
SYS: *R
Flow  0.111643 m3/h
Vel:  0.160192 m/s
UP:618 DN:618 Q=90

11-04-14 14:29:51
SYS: *R
Flow  0.160699 m3/h
Vel:  0.230581 m/s
UP:618 DN:618 Q=89

11-04-14 14:29:52
SYS: *R
Flow  0.0786889 m3/h
Vel:  0.112907 m/s
UP:619 DN:618 Q=82

11-04-14 14:29:53
SYS: *R
Flow  0.0678568 m3/h
Vel:  0.0973649 m/s
UP:610 DN:618 Q=80

11-04-14 14:29:54
SYS: *R
Flow  0.126673 m3/h
Vel:  0.181757 m/s
UP:619 DN:619 Q=79

11-04-14 14:29:55
SYS: *R
Flow  0.0757085 m3/h
Vel:  0.108631 m/s
UP:618 DN:617 Q=84

11-04-14 14:29:56
SYS: *R
Flow  0.0602742 m3/h
Vel:  0.0864849 m/s
UP:619 DN:618 Q=84

11-04-14 14:29:57
SYS: *R
Flow  0.0850082 m3/h
Vel:  0.121975 m/s
UP:619 DN:618 Q=87

11-04-14 14:29:58
SYS: *R
Flow  0.0904101 m3/h
Vel:  0.129726 m/s
UP:618 DN:618 Q=85

11-04-14 14:29:59
SYS: *R
Flow  0.152763 m3/h
Vel:  0.219194 m/s
UP:619 DN:619 Q=78

11-04-14 14:30:00
SYS: *R
Flow  0.0981778 m3/h
Vel:  0.140871 m/s
UP:616 DN:617 Q=81

11-04-14 14:30:01
SYS: *R
Flow  0.170827 m3/h
Vel:  0.245112 m/s
UP:611 DN:615 Q=81

11-04-14 14:30:02
SYS: *R
Flow  0.1224 m3/h
Vel:  0.175626 m/s
UP:612 DN:613 Q=74

11-04-14 14:30:03
SYS: *R
Flow  0.160863 m3/h
Vel:  0.230815 m/s
UP:612 DN:612 Q=86

11-04-14 14:30:04
SYS: *R
Flow  0.154485 m3/h
Vel:  0.221663 m/s
UP:612 DN:610 Q=83

11-04-14 14:30:05
SYS: *R
Flow  0.120888 m3/h
Vel:  0.173457 m/s
UP:610 DN:610 Q=84

11-04-14 14:30:06
SYS: *R
Flow  0.167033 m3/h
Vel:  0.239668 m/s
UP:611 DN:610 Q=79

11-04-14 14:30:07
SYS: *R
Flow  0.112035 m3/h
Vel:  0.160755 m/s
UP:611 DN:600 Q=79

11-04-14 14:30:08
SYS: *R
Flow  0.0877243 m3/h
Vel:  0.125872 m/s
UP:611 DN:610 Q=88

11-04-14 14:30:09
SYS: *R
Flow  0.0825275 m3/h
Vel:  0.118415 m/s
UP:611 DN:610 Q=82

11-04-14 14:30:10
SYS: *R
Flow  0.139691 m3/h
Vel:  0.200436 m/s
UP:610 DN:609 Q=87

11-04-14 14:30:11
SYS: *R
Flow  0.115817 m3/h
Vel:  0.16618 m/s
UP:609 DN:608 Q=74

11-04-14 14:30:12
SYS: *R
Flow  0.109306 m3/h
Vel:  0.156838 m/s
UP:610 DN:610 Q=86

11-04-14 14:30:13
SYS: *R
Flow  0.0995904 m3/h
Vel:  0.142898 m/s
UP:611 DN:609 Q=89

11-04-14 14:30:14
SYS: *R
Flow  0.0977955 m3/h
Vel:  0.140323 m/s
UP:610 DN:610 Q=92

11-04-14 14:30:15
SYS: *R
Flow  0.200474 m3/h
Vel:  0.287651 m/s
UP:610 DN:600 Q=86

11-04-14 14:30:30
SYS: *R
Flow  0.159616 m3/h
Vel:  0.229026 m/s
UP:603 DN:603 Q=87

11-04-14 14:30:31
SYS: *R
Flow  0.0638057 m3/h
Vel:  0.0915521 m/s
UP:604 DN:603 Q=84

11-04-14 14:30:32
SYS: *R
Flow  0.0683852 m3/h
Vel:  0.0981229 m/s
UP:604 DN:603 Q=87

11-04-14 14:30:33
SYS: *R
Flow  0.142882 m3/h
Vel:  0.205016 m/s
UP:604 DN:603 Q=85

11-04-14 14:30:34
SYS: *R
Flow  0.126178 m3/h
Vel:  0.181047 m/s
UP:604 DN:603 Q=84

11-04-14 14:30:35
SYS: *R
Flow  0.168682 m3/h
Vel:  0.242034 m/s
UP:603 DN:603 Q=83

11-04-14 14:31:40
SYS: *R
Flow  0.0802251 m3/h
Vel:  0.115112 m/s
UP:597 DN:595 Q=88

11-04-14 14:31:41
SYS: *R
Flow  0.0802251 m3/h
Vel:  0.115112 m/s
UP:595 DN:594 Q=88

11-04-14 14:31:42
SYS: *R
Flow  0.0503587 m3/h
Vel:  0.0722575 m/s
UP:596 DN:595 Q=89

11-04-14 14:31:43
SYS: *R
Flow  0.121107 m3/h
Vel:  0.173771 m/s
UP:595 DN:594 Q=86

11-04-14 14:31:44
SYS: *R
Flow  0.145633 m3/h
Vel:  0.208962 m/s
UP:595 DN:594 Q=76

11-04-14 14:31:45
SYS: *R
Flow  0.196883 m3/h
Vel:  0.282498 m/s
UP:596 DN:595 Q=77

11-04-14 14:31:46
SYS: *R
Flow  0.168157 m3/h
Vel:  0.241281 m/s
UP:595 DN:595 Q=79

11-04-14 14:31:47
SYS: *R
Flow  0.133044 m3/h
Vel:  0.1909 m/s
UP:595 DN:593 Q=78

11-04-14 14:31:48
SYS: *R
Flow  0.0828887 m3/h
Vel:  0.118933 m/s
UP:594 DN:593 Q=79

11-04-14 14:31:49
SYS: *R
Flow  0.139111 m3/h
Vel:  0.199604 m/s
UP:594 DN:593 Q=83

11-04-14 14:31:50
SYS: *R
Flow  0.15966 m3/h
Vel:  0.22909 m/s
UP:593 DN:592 Q=82

11-04-14 14:31:51
SYS: *R
Flow  0.129391 m3/h
Vel:  0.185657 m/s
UP:595 DN:593 Q=90

11-04-14 14:31:52
SYS: *R
Flow  0.197986 m3/h
Vel:  0.284082 m/s
UP:594 DN:593 Q=81

11-04-14 14:31:53
SYS: *R
Flow  0.135032 m3/h
Vel:  0.193752 m/s
UP:593 DN:592 Q=82

11-04-14 14:31:54
SYS: *R
Flow  0.118142 m3/h
Vel:  0.169516 m/s
UP:593 DN:591 Q=73

11-04-14 14:31:55
SYS: *R
Flow  3.82809 m3/h
Vel:  5.49276 m/s
UP:592 DN:591 Q=79

11-04-14 14:31:56
SYS: *R
Flow  0.871016 m3/h
Vel:  1.24978 m/s
UP:593 DN:591 Q=82

11-04-14 14:31:57
SYS: *R
Flow  0.144918 m3/h
Vel:  0.207936 m/s
UP:593 DN:592 Q=76

11-04-14 14:31:58
SYS: *R
Flow  4.54513 m3/h
Vel:  6.52161 m/s
UP:592 DN:591 Q=83

11-04-14 14:31:59
SYS: *R
Flow  0.168068 m3/h
Vel:  0.241154 m/s
UP:593 DN:590 Q=80

11-04-14 14:32:00
SYS: *R
Flow  0.0839132 m3/h
Vel:  0.120403 m/s
UP:592 DN:590 Q=82

11-04-14 14:32:01
SYS: *R
Flow  0.187474 m3/h
Vel:  0.268999 m/s
UP:592 DN:592 Q=71

11-04-14 14:32:02
SYS: *R
Flow  1.16336 m3/h
Vel:  1.66926 m/s
UP:592 DN:590 Q=81

11-04-14 14:32:03
SYS: *R
Flow  0.209401 m3/h
Vel:  0.30046 m/s
UP:592 DN:591 Q=86

11-04-14 14:32:04
SYS: *R
Flow  0.112226 m3/h
Vel:  0.161028 m/s
UP:592 DN:591 Q=85

11-04-14 14:32:05
SYS: *R
Flow  3.85507 m3/h
Vel:  5.53147 m/s
UP:591 DN:591 Q=75

11-04-14 14:32:06
SYS: *R
Flow  0.156438 m3/h
Vel:  0.224466 m/s
UP:591 DN:580 Q=74

11-04-14 14:32:07
SYS: *R
Flow  0.162809 m3/h
Vel:  0.233608 m/s
UP:592 DN:589 Q=87

11-04-14 14:32:08
SYS: *R
Flow  5.82578 m3/h
Vel:  8.35915 m/s
UP:591 DN:589 Q=83

11-04-14 14:32:09
SYS: *R
Flow  0.0820295 m3/h
Vel:  0.117701 m/s
UP:590 DN:589 Q=76

11-04-14 14:32:10
SYS: *R
Flow  0.204458 m3/h
Vel:  0.293368 m/s
UP:590 DN:580 Q=86

11-04-14 14:32:11
SYS: *R
Flow  5.80838 m3/h
Vel:  8.3342 m/s
UP:591 DN:589 Q=75

11-04-14 14:32:12
SYS: *R
Flow  0.135543 m3/h
Vel:  0.194484 m/s
UP:590 DN:588 Q=78

11-04-14 14:32:13
SYS: *R
Flow  0.0977596 m3/h
Vel:  0.140271 m/s
UP:591 DN:589 Q=80

11-04-14 14:32:14
SYS: *R
Flow  4.70904 m3/h
Vel:  6.7568 m/s
UP:580 DN:588 Q=77

11-04-14 14:32:15
SYS: *R
Flow  0.161212 m3/h
Vel:  0.231316 m/s
UP:591 DN:589 Q=80

11-04-14 14:32:16
SYS: *R
Flow  0.925353 m3/h
Vel:  1.32775 m/s
UP:591 DN:587 Q=80

11-04-14 14:32:17
SYS: *R
Flow  0.171797 m3/h
Vel:  0.246504 m/s
UP:590 DN:587 Q=77

11-04-14 14:32:18
SYS: *R
Flow  0.109221 m3/h
Vel:  0.156717 m/s
UP:588 DN:588 Q=83

11-04-14 14:32:19
SYS: *R
Flow  0.148053 m3/h
Vel:  0.212435 m/s
UP:591 DN:588 Q=78

11-04-14 14:32:20
SYS: *R
Flow  0.162575 m3/h
Vel:  0.233271 m/s
UP:590 DN:588 Q=76

11-04-14 14:32:21
SYS: *R
Flow  4.50391 m3/h
Vel:  6.46247 m/s
UP:589 DN:587 Q=77

11-04-14 14:32:22
SYS: *R
Flow  0.109269 m3/h
Vel:  0.156786 m/s
UP:589 DN:586 Q=72

11-04-14 14:32:23
SYS: *R
Flow  0.102181 m3/h
Vel:  0.146616 m/s
UP:588 DN:587 Q=76

11-04-14 14:32:24
SYS: *R
Flow  5.80626 m3/h
Vel:  8.33116 m/s
UP:588 DN:586 Q=79

11-04-14 14:32:25
SYS: *R
Flow  0.120637 m3/h
Vel:  0.173097 m/s
UP:586 DN:585 Q=80

11-04-14 14:32:26
SYS: *R
Flow  0.197895 m3/h
Vel:  0.283951 m/s
UP:587 DN:585 Q=79

Outer Diameter
   25 mm
Wall Thickness
   4.65 mm
Inner Diameter
   15.7 mm
Pipe Material
  0.Carbon Steel
Liner Material
  0.No Liner
Fluid Type
  0.Water
Transducer Type
  Standard-M1
Txducer Mounting
  1. Z-Method
Txducers Spacing
  -3.04965 mm

Signal Strenth,Quality
UP:587 DN:585 Q=73
TOM/TOS*100
   96.4907 
Fluid Sound Vel
   1639.84 
Total Time (uS)
   30.9768 
Delta Time (nS)
   7.38435 
Reynold Number
   20351.6 
Profile
   0.932844 

M50
Logger Options
    OFF


